#
# There is insufficient memory for the Java Runtime Environment to continue.
# Native memory allocation (mmap) failed to map 65536 bytes for Failed to commit metaspace.
# Possible reasons:
#   The system is out of physical RAM or swap space
#   The process is running with CompressedOops enabled, and the Java Heap may be blocking the growth of the native heap
# Possible solutions:
#   Reduce memory load on the system
#   Increase physical memory or swap space
#   Check if swap backing store is full
#   Decrease Java heap size (-Xmx/-Xms)
#   Decrease number of Java threads
#   Decrease Java thread stack sizes (-Xss)
#   Set larger code cache with -XX:ReservedCodeCacheSize=
#   JVM is running with Zero Based Compressed Oops mode in which the Java heap is
#     placed in the first 32GB address space. The Java Heap base address is the
#     maximum limit for the native heap growth. Please use -XX:HeapBaseMinAddress
#     to set the Java Heap base and to place the Java Heap above 32GB virtual address.
# This output file may be truncated or incomplete.
#
#  Out of Memory Error (virtualSpaceNode.cpp:110), pid=18928, tid=28348
#
# JRE version: OpenJDK Runtime Environment Temurin-17.0.9+9 (17.0.9+9) (build 17.0.9+9)
# Java VM: OpenJDK 64-Bit Server VM Temurin-17.0.9+9 (17.0.9+9, mixed mode, emulated-client, sharing, tiered, compressed oops, compressed class ptrs, g1 gc, windows-amd64)
# No core dump will be written. Minidumps are not enabled by default on client versions of Windows
#

---------------  S U M M A R Y ------------

Command Line: -XX:TieredStopAtLevel=1 -Dspring.output.ansi.enabled=always -Dcom.sun.management.jmxremote -Dspring.jmx.enabled=true -Dspring.liveBeansView.mbeanDomain -Dspring.application.admin.enabled=true -Dmanagement.endpoints.jmx.exposure.include=* -javaagent:C:\Program Files\JetBrains\IntelliJ IDEA 2023.3.3\lib\idea_rt.jar=54711:C:\Program Files\JetBrains\IntelliJ IDEA 2023.3.3\bin -Dfile.encoding=UTF-8 com.example.backend.BackendApplication

Host: Intel(R) Core(TM) i5-8265U CPU @ 1.60GHz, 8 cores, 15G,  Windows 10 , 64 bit Build 19041 (10.0.19041.3636)
Time: Sat Jun  1 20:06:12 2024  Windows 10 , 64 bit Build 19041 (10.0.19041.3636) elapsed time: 2.660938 seconds (0d 0h 0m 2s)

---------------  T H R E A D  ---------------

Current thread (0x000002b7db00b410):  JavaThread "main" [_thread_in_vm, id=28348, stack(0x000000fbb4d00000,0x000000fbb4e00000)]

Stack: [0x000000fbb4d00000,0x000000fbb4e00000]
Native frames: (J=compiled Java code, j=interpreted, Vv=VM code, C=native code)
V  [jvm.dll+0x67cf49]
V  [jvm.dll+0x83478a]
V  [jvm.dll+0x83624e]
V  [jvm.dll+0x8368b3]
V  [jvm.dll+0x247f1f]
V  [jvm.dll+0x83044b]
V  [jvm.dll+0x621776]
V  [jvm.dll+0x1c1fee]
V  [jvm.dll+0x6240d1]
V  [jvm.dll+0x622116]
V  [jvm.dll+0x62c007]
V  [jvm.dll+0x1ebfdb]
V  [jvm.dll+0x1ec515]
V  [jvm.dll+0x1ecfd0]
V  [jvm.dll+0x1e23d1]
V  [jvm.dll+0x54305e]
V  [jvm.dll+0x7ae778]
V  [jvm.dll+0x7ae864]
V  [jvm.dll+0x411165]
V  [jvm.dll+0x4172e9]
C  [java.dll+0x17ec]

Java frames: (J=compiled Java code, j=interpreted, Vv=VM code)
J 1161  java.lang.ClassLoader.defineClass1(Ljava/lang/ClassLoader;Ljava/lang/String;[BIILjava/security/ProtectionDomain;Ljava/lang/String;)Ljava/lang/Class; java.base@17.0.9 (0 bytes) @ 0x000002b7e46af463 [0x000002b7e46af3a0+0x00000000000000c3]
J 1260 c1 java.lang.ClassLoader.defineClass(Ljava/lang/String;[BIILjava/security/ProtectionDomain;)Ljava/lang/Class; java.base@17.0.9 (43 bytes) @ 0x000002b7e46d8cec [0x000002b7e46d8be0+0x000000000000010c]
J 1168 c1 jdk.internal.loader.BuiltinClassLoader.defineClass(Ljava/lang/String;Ljdk/internal/loader/Resource;)Ljava/lang/Class; java.base@17.0.9 (121 bytes) @ 0x000002b7e46b87f4 [0x000002b7e46b8320+0x00000000000004d4]
J 1167 c1 jdk.internal.loader.BuiltinClassLoader.findClassOnClassPathOrNull(Ljava/lang/String;)Ljava/lang/Class; java.base@17.0.9 (64 bytes) @ 0x000002b7e46b6a6c [0x000002b7e46b67a0+0x00000000000002cc]
J 942 c1 jdk.internal.loader.BuiltinClassLoader.loadClassOrNull(Ljava/lang/String;Z)Ljava/lang/Class; java.base@17.0.9 (143 bytes) @ 0x000002b7e4657384 [0x000002b7e4656f00+0x0000000000000484]
J 1089 c1 jdk.internal.loader.ClassLoaders$AppClassLoader.loadClass(Ljava/lang/String;Z)Ljava/lang/Class; java.base@17.0.9 (40 bytes) @ 0x000002b7e4695d2c [0x000002b7e4695be0+0x000000000000014c]
J 1088 c1 java.lang.ClassLoader.loadClass(Ljava/lang/String;)Ljava/lang/Class; java.base@17.0.9 (7 bytes) @ 0x000002b7e4695164 [0x000002b7e4695120+0x0000000000000044]
v  ~StubRoutines::call_stub
j  org.springframework.boot.web.servlet.context.AnnotationConfigServletWebServerApplicationContext.<init>()V+28
j  org.springframework.boot.web.servlet.context.ServletWebServerApplicationContextFactory.createContext()Lorg/springframework/context/ConfigurableApplicationContext;+10
j  org.springframework.boot.web.servlet.context.ServletWebServerApplicationContextFactory.create(Lorg/springframework/boot/WebApplicationType;)Lorg/springframework/context/ConfigurableApplicationContext;+12
j  org.springframework.boot.DefaultApplicationContextFactory$$Lambda$295+0x000002b7811abdc8.apply(Ljava/lang/Object;Ljava/lang/Object;)Ljava/lang/Object;+8
j  org.springframework.boot.DefaultApplicationContextFactory.getFromSpringFactories(Lorg/springframework/boot/WebApplicationType;Ljava/util/function/BiFunction;Ljava/util/function/Supplier;)Ljava/lang/Object;+45
j  org.springframework.boot.DefaultApplicationContextFactory.create(Lorg/springframework/boot/WebApplicationType;)Lorg/springframework/context/ConfigurableApplicationContext;+13
j  org.springframework.boot.SpringApplication.createApplicationContext()Lorg/springframework/context/ConfigurableApplicationContext;+8
j  org.springframework.boot.SpringApplication.run([Ljava/lang/String;)Lorg/springframework/context/ConfigurableApplicationContext;+76
j  org.springframework.boot.SpringApplication.run([Ljava/lang/Class;[Ljava/lang/String;)Lorg/springframework/context/ConfigurableApplicationContext;+9
j  org.springframework.boot.SpringApplication.run(Ljava/lang/Class;[Ljava/lang/String;)Lorg/springframework/context/ConfigurableApplicationContext;+9
j  com.example.backend.BackendApplication.main([Ljava/lang/String;)V+3
v  ~StubRoutines::call_stub

Compiled method (n/a)    2693 1161     n 0       java.lang.ClassLoader::defineClass1 (native)
 total in heap  [0x000002b7e46af210,0x000002b7e46af6f0] = 1248
 relocation     [0x000002b7e46af368,0x000002b7e46af3a0] = 56
 main code      [0x000002b7e46af3a0,0x000002b7e46af6f0] = 848

[Constant Pool (empty)]

[MachCode]
[Entry Point]
  # {method} {0x000002b780010f28} 'defineClass1' '(Ljava/lang/ClassLoader;Ljava/lang/String;[BIILjava/security/ProtectionDomain;Ljava/lang/String;)Ljava/lang/Class;' in 'java/lang/ClassLoader'
  # parm0:    rdx:rdx   = 'java/lang/ClassLoader'
  # parm1:    r8:r8     = 'java/lang/String'
  # parm2:    r9:r9     = '[B'
  # parm3:    rdi       = int
  # parm4:    rsi       = int
  # parm5:    rcx:rcx   = 'java/security/ProtectionDomain'
  # parm6:    [sp+0xa0]   = 'java/lang/String'  (sp of caller)
  0x000002b7e46af3a0: 448b 5208 | 49bb 0000 | 0080 b702 | 0000 4d03 | d349 3bc2 | 0f84 0600 

  0x000002b7e46af3b8: ;   {runtime_call ic_miss_stub}
  0x000002b7e46af3b8: 0000 e9c1 | 1cc8 ff90 
[Verified Entry Point]
  0x000002b7e46af3c0: 8984 2400 | 90ff ff55 | 488b ec48 | 81ec 9000 | 0000 4881 | 7d10 0000 | 0000 488d | 4510 480f 
  0x000002b7e46af3e0: 4445 1048 | 8944 2440 | 4889 4c24 | 7048 83f9 | 0048 8d44 | 2470 480f | 4444 2470 | 4889 4424 
  0x000002b7e46af400: 3848 8974 | 2430 4889 | 7c24 284c | 894c 2458 | 4983 f900 | 488d 4424 | 5848 0f44 | 4424 5848 
  0x000002b7e46af420: 8944 2420 | 4c89 4424 | 5049 83f8 | 004c 8d4c | 2450 4c0f | 444c 2450 | 4889 5424 | 4848 83fa 
  0x000002b7e46af440: 004c 8d44 | 2448 4c0f | 4444 2448 

  0x000002b7e46af44c: ;   {oop(a 'java/lang/Class'{0x0000000703638790} = 'java/lang/ClassLoader')}
  0x000002b7e46af44c: 49be 9087 | 6303 0700 | 0000 4c89 | 7424 784c | 8d74 2478 | 498b d6c5 

  0x000002b7e46af464: ;   {internal_word}
  0x000002b7e46af464: f877 49ba | 63f4 6ae4 | b702 0000 | 4d89 97a0 | 0200 0049 | 89a7 9802 

  0x000002b7e46af47c: ;   {external_word}
  0x000002b7e46af47c: 0000 49ba | 2e35 7039 | ff7f 0000 | 4180 3a00 | 0f84 5200 | 0000 5241 

  0x000002b7e46af494: ;   {metadata({method} {0x000002b780010f28} 'defineClass1' '(Ljava/lang/ClassLoader;Ljava/lang/String;[BIILjava/security/ProtectionDomain;Ljava/lang/String;)Ljava/lang/Class;' in 'java/lang/ClassLoader')}
  0x000002b7e46af494: 5041 5148 | ba20 0f01 | 80b7 0200 | 0049 8bcf | 4883 ec20 | f7c4 0f00 | 0000 0f84 | 1a00 0000 
  0x000002b7e46af4b4: 4883 ec08 

  0x000002b7e46af4b8: ;   {runtime_call}
  0x000002b7e46af4b8: 49ba c02b | 2639 ff7f | 0000 41ff | d248 83c4 | 08e9 0d00 

  0x000002b7e46af4cc: ;   {runtime_call}
  0x000002b7e46af4cc: 0000 49ba | c02b 2639 | ff7f 0000 | 41ff d248 | 83c4 2041 | 5941 585a | 498d 8fb8 | 0200 0041 
  0x000002b7e46af4ec: c787 4803 | 0000 0400 

  0x000002b7e46af4f4: ;   {runtime_call}
  0x000002b7e46af4f4: 0000 49ba | ac16 4e64 | ff7f 0000 | 41ff d2c5 | f877 41c7 | 8748 0300 | 0005 0000 | 00f0 8344 
  0x000002b7e46af514: 24c0 0049 | 3baf 5003 | 0000 0f87 | 1100 0000 | 4181 bf38 | 0300 0000 | 0000 000f | 842c 0000 
  0x000002b7e46af534: 00c5 f877 | 4889 45f8 | 498b cf4c | 8be4 4883 | ec20 4883 

  0x000002b7e46af548: ;   {runtime_call}
  0x000002b7e46af548: e4f0 49ba | f040 3639 | ff7f 0000 | 41ff d249 | 8be4 4d33 | e448 8b45 | f841 c787 | 4803 0000 
  0x000002b7e46af568: 0800 0000 | 4181 bfb8 | 0300 0002 | 0000 000f | 843f 0100 

  0x000002b7e46af57c: ;   {external_word}
  0x000002b7e46af57c: 0049 ba2e | 3570 39ff | 7f00 0041 | 803a 000f | 8450 0000 | 0048 8945 

  0x000002b7e46af594: ;   {metadata({method} {0x000002b780010f28} 'defineClass1' '(Ljava/lang/ClassLoader;Ljava/lang/String;[BIILjava/security/ProtectionDomain;Ljava/lang/String;)Ljava/lang/Class;' in 'java/lang/ClassLoader')}
  0x000002b7e46af594: f848 ba20 | 0f01 80b7 | 0200 0049 | 8bcf 4883 | ec20 f7c4 | 0f00 0000 | 0f84 1a00 | 0000 4883 
  0x000002b7e46af5b4: ;   {runtime_call}
  0x000002b7e46af5b4: ec08 49ba | c02b 2639 | ff7f 0000 | 41ff d248 | 83c4 08e9 | 0d00 0000 

  0x000002b7e46af5cc: ;   {runtime_call}
  0x000002b7e46af5cc: 49ba c02b | 2639 ff7f | 0000 41ff | d248 83c4 | 2048 8b45 | f849 c787 | 9802 0000 | 0000 0000 
  0x000002b7e46af5ec: 49c7 87a0 | 0200 0000 | 0000 00c5 | f877 4885 | c00f 8493 | 0000 0048 | f7c0 0100 | 0000 0f84 
  0x000002b7e46af60c: 8300 0000 | 488b 40ff | 4180 7f38 | 000f 846f | 0000 0048 | 83f8 000f | 8465 0000 | 0049 8b4f 
  0x000002b7e46af62c: 2048 83f9 | 000f 8414 | 0000 0048 | 83e9 0849 | 894f 2049 | 034f 3048 | 8901 e943 | 0000 0050 
  0x000002b7e46af64c: 498b d748 | 8bc8 4883 | ec20 f7c4 | 0f00 0000 | 0f84 1a00 | 0000 4883 

  0x000002b7e46af664: ;   {runtime_call}
  0x000002b7e46af664: ec08 49ba | 6050 e538 | ff7f 0000 | 41ff d248 | 83c4 08e9 | 0d00 0000 

  0x000002b7e46af67c: ;   {runtime_call}
  0x000002b7e46af67c: 49ba 6050 | e538 ff7f | 0000 41ff | d248 83c4 | 2058 e903 | 0000 0048 | 8b00 498b | 8fd8 0000 
  0x000002b7e46af69c: 00c7 8100 | 0100 0000 | 0000 00c9 | 4981 7f08 | 0000 0000 | 0f85 0100 

  0x000002b7e46af6b4: ;   {runtime_call StubRoutines (1)}
  0x000002b7e46af6b4: 0000 c3e9 | 4418 c3ff | c5f8 7748 | 8945 f84c | 8be4 4883 | ec20 4883 

  0x000002b7e46af6cc: ;   {runtime_call}
  0x000002b7e46af6cc: e4f0 49ba | 505c 2639 | ff7f 0000 | 41ff d249 | 8be4 4d33 | e448 8b45 | f8e9 93fe | ffff f4f4 
  0x000002b7e46af6ec: f4f4 f4f4 
[/MachCode]


Compiled method (c1)    2721 1260       1       java.lang.ClassLoader::defineClass (43 bytes)
 total in heap  [0x000002b7e46d8a10,0x000002b7e46d8fb0] = 1440
 relocation     [0x000002b7e46d8b68,0x000002b7e46d8bc8] = 96
 main code      [0x000002b7e46d8be0,0x000002b7e46d8d80] = 416
 stub code      [0x000002b7e46d8d80,0x000002b7e46d8df8] = 120
 metadata       [0x000002b7e46d8df8,0x000002b7e46d8e28] = 48
 scopes data    [0x000002b7e46d8e28,0x000002b7e46d8ee0] = 184
 scopes pcs     [0x000002b7e46d8ee0,0x000002b7e46d8f80] = 160
 dependencies   [0x000002b7e46d8f80,0x000002b7e46d8f88] = 8
 nul chk table  [0x000002b7e46d8f88,0x000002b7e46d8fb0] = 40

[Constant Pool (empty)]

[MachCode]
[Entry Point]
  # {method} {0x000002b780010cc0} 'defineClass' '(Ljava/lang/String;[BIILjava/security/ProtectionDomain;)Ljava/lang/Class;' in 'java/lang/ClassLoader'
  # this:     rdx:rdx   = 'java/lang/ClassLoader'
  # parm0:    r8:r8     = 'java/lang/String'
  # parm1:    r9:r9     = '[B'
  # parm2:    rdi       = int
  # parm3:    rsi       = int
  # parm4:    rcx:rcx   = 'java/security/ProtectionDomain'
  #           [sp+0xc0]  (sp of caller)
  0x000002b7e46d8be0: 448b 5208 | 49bb 0000 | 0080 b702 | 0000 4d03 | d34c 3bd0 

  0x000002b7e46d8bf4: ;   {runtime_call ic_miss_stub}
  0x000002b7e46d8bf4: 0f85 8684 | c5ff 660f | 1f44 0000 
[Verified Entry Point]
  0x000002b7e46d8c00: 8984 2400 | 90ff ff55 | 4881 ecb0 | 0000 0048 | 8954 2478 | 89b4 2494 | 0000 0089 | bc24 9000 
  0x000002b7e46d8c20: 0000 4c89 | 8c24 8800 | 0000 498b | d84c 8bc3 | 4c8b c948 | 8bca 488b | d148 899c | 2480 0000 
  0x000002b7e46d8c40: 0066 0f1f 

  0x000002b7e46d8c44: ;   {optimized virtual_call}
  0x000002b7e46d8c44: 4400 00e8 

  0x000002b7e46d8c48: ; ImmutableOopMap {[120]=Oop [136]=Oop [128]=Oop }
                      ;*invokevirtual preDefineClass {reexecute=0 rethrow=0 return_oop=0}
                      ; - java.lang.ClassLoader::defineClass@4 (line 1015)
  0x000002b7e46d8c48: 7419 0000 | 4889 8424 | 9800 0000 

  0x000002b7e46d8c54: ; implicit exception: dispatches to 0x000002b7e46d8d2a
  0x000002b7e46d8c54: 448b 4010 | 49c1 e003 | 4983 f800 | 0f85 0f00 

  0x000002b7e46d8c64: ;   {oop(NULL)}
  0x000002b7e46d8c64: 0000 48bb | 0000 0000 | 0000 0000 | e942 0000 | 0045 8b40 | 0c49 c1e0 | 0349 83f8 | 000f 850f 
  0x000002b7e46d8c84: ;   {oop(NULL)}
  0x000002b7e46d8c84: 0000 0048 | bb00 0000 | 0000 0000 | 00e9 2100 | 0000 418b | 5038 48c1 | e203 483b | 0266 0f1f 
  0x000002b7e46d8ca4: ;   {optimized virtual_call}
  0x000002b7e46d8ca4: 4400 00e8 

  0x000002b7e46d8ca8: ; ImmutableOopMap {[120]=Oop [136]=Oop [128]=Oop [152]=Oop }
                      ;*invokevirtual toExternalForm {reexecute=0 rethrow=0 return_oop=0}
                      ; - java.net.URL::toExternalForm@5 (line 1039)
                      ; - java.net.URL::toString@1 (line 1025)
                      ; - java.lang.ClassLoader::defineClassSourceLocation@22 (line 917)
                      ; - java.lang.ClassLoader::defineClass@12 (line 1016)
  0x000002b7e46d8ca8: 74b2 fbff | 488b d848 | 8b84 2498 | 0000 008b | b424 9400 | 0000 8bbc | 2490 0000 | 004c 8b8c 
  0x000002b7e46d8cc8: 2488 0000 | 004c 8b84 | 2480 0000 | 0048 8b54 | 2478 4c8b | da49 8bd3 | 488b c848 

  0x000002b7e46d8ce4: ;   {static_call}
  0x000002b7e46d8ce4: 891c 24e8 

  0x000002b7e46d8ce8: ; ImmutableOopMap {[152]=Oop [120]=Oop }
                      ;*invokestatic defineClass1 {reexecute=0 rethrow=0 return_oop=0}
                      ; - java.lang.ClassLoader::defineClass@27 (line 1017)
  0x000002b7e46d8ce8: d466 fdff | 4c8b c04c | 8b8c 2498 | 0000 0048 | 8b54 2478 | 4889 8424 | a000 0000 

  0x000002b7e46d8d04: ;   {optimized virtual_call}
  0x000002b7e46d8d04: 6666 90e8 

  0x000002b7e46d8d08: ; ImmutableOopMap {[160]=Oop }
                      ;*invokevirtual postDefineClass {reexecute=0 rethrow=0 return_oop=0}
                      ; - java.lang.ClassLoader::defineClass@37 (line 1018)
  0x000002b7e46d8d08: 7427 0000 | 488b 8424 | a000 0000 | 4881 c4b0 | 0000 005d 

  0x000002b7e46d8d1c: ;   {poll_return}
  0x000002b7e46d8d1c: 493b a750 | 0300 000f | 8715 0000 

  0x000002b7e46d8d28: ;   {runtime_call throw_null_pointer_exception Runtime1 stub}
  0x000002b7e46d8d28: 00c3 e8f1 

  0x000002b7e46d8d2c: ; ImmutableOopMap {[120]=Oop [136]=Oop [128]=Oop rax=Oop [152]=Oop }
                      ;*invokevirtual getCodeSource {reexecute=0 rethrow=0 return_oop=0}
                      ; - java.lang.ClassLoader::defineClassSourceLocation@1 (line 914)
                      ; - java.lang.ClassLoader::defineClass@12 (line 1016)
                      ;   {runtime_call throw_null_pointer_exception Runtime1 stub}
  0x000002b7e46d8d2c: b5cf ffe8 

  0x000002b7e46d8d30: ; ImmutableOopMap {[120]=Oop [136]=Oop [128]=Oop rax=Oop [152]=Oop }
                      ;*invokevirtual getLocation {reexecute=0 rethrow=0 return_oop=0}
                      ; - java.lang.ClassLoader::defineClassSourceLocation@12 (line 916)
                      ; - java.lang.ClassLoader::defineClass@12 (line 1016)
  0x000002b7e46d8d30: ecb5 cfff 

  0x000002b7e46d8d34: ;   {runtime_call throw_null_pointer_exception Runtime1 stub}
  0x000002b7e46d8d34: e8e7 b5cf 

  0x000002b7e46d8d38: ; ImmutableOopMap {[120]=Oop [136]=Oop [128]=Oop [152]=Oop r8=Oop }
                      ;*invokevirtual toString {reexecute=0 rethrow=0 return_oop=0}
                      ; - java.lang.ClassLoader::defineClassSourceLocation@22 (line 917)
                      ; - java.lang.ClassLoader::defineClass@12 (line 1016)
                      ;   {runtime_call throw_null_pointer_exception Runtime1 stub}
  0x000002b7e46d8d38: ffe8 e2b5 

  0x000002b7e46d8d3c: ; ImmutableOopMap {[120]=Oop [136]=Oop [128]=Oop [152]=Oop r8=Oop rdx=Oop }
                      ;*invokevirtual toExternalForm {reexecute=0 rethrow=0 return_oop=0}
                      ; - java.net.URL::toExternalForm@5 (line 1039)
                      ; - java.net.URL::toString@1 (line 1025)
                      ; - java.lang.ClassLoader::defineClassSourceLocation@22 (line 917)
                      ; - java.lang.ClassLoader::defineClass@12 (line 1016)
                      ;   {internal_word}
  0x000002b7e46d8d3c: cfff 49ba | 1c8d 6de4 | b702 0000 | 4d89 9768 

  0x000002b7e46d8d4c: ;   {runtime_call SafepointBlob}
  0x000002b7e46d8d4c: 0300 00e9 | acec c5ff | 9090 498b | 87e0 0300 | 0049 c787 | e003 0000 | 0000 0000 | 49c7 87e8 
  0x000002b7e46d8d6c: 0300 0000 | 0000 0048 | 81c4 b000 

  0x000002b7e46d8d78: ;   {runtime_call unwind_exception Runtime1 stub}
  0x000002b7e46d8d78: 0000 5de9 | 80a6 cfff 
[Stub Code]
  0x000002b7e46d8d80: ;   {no_reloc}
  0x000002b7e46d8d80: 0f1f 4400 

  0x000002b7e46d8d84: ;   {static_stub}
  0x000002b7e46d8d84: 0048 bb70 | 0e01 80b7 

  0x000002b7e46d8d8c: ;   {runtime_call I2C/C2I adapters}
  0x000002b7e46d8d8c: 0200 00e9 | 4d4c c5ff 

  0x000002b7e46d8d94: ;   {static_stub}
  0x000002b7e46d8d94: 9048 bb00 | 0000 0000 

  0x000002b7e46d8d9c: ;   {runtime_call}
  0x000002b7e46d8d9c: 0000 00e9 | fbff ffff 

  0x000002b7e46d8da4: ;   {static_stub}
  0x000002b7e46d8da4: 9048 bb00 | 0000 0000 

  0x000002b7e46d8dac: ;   {runtime_call}
  0x000002b7e46d8dac: 0000 00e9 | fbff ffff 

  0x000002b7e46d8db4: ;   {static_stub}
  0x000002b7e46d8db4: 9048 bb88 | 0f01 80b7 

  0x000002b7e46d8dbc: ;   {runtime_call I2C/C2I adapters}
  0x000002b7e46d8dbc: 0200 00e9 | 1d4c c5ff 
[Exception Handler]
  0x000002b7e46d8dc4: ;   {runtime_call handle_exception_from_callee Runtime1 stub}
  0x000002b7e46d8dc4: e837 d6cf 

  0x000002b7e46d8dc8: ;   {external_word}
  0x000002b7e46d8dc8: ff48 b940 | 9a4a 39ff | 7f00 0048 

  0x000002b7e46d8dd4: ;   {runtime_call}
  0x000002b7e46d8dd4: 83e4 f049 | ba60 2f13 | 39ff 7f00 | 0041 ffd2 

  0x000002b7e46d8de4: ;   {section_word}
  0x000002b7e46d8de4: f449 bae5 | 8d6d e4b7 | 0200 0041 

  0x000002b7e46d8df0: ;   {runtime_call DeoptimizationBlob}
  0x000002b7e46d8df0: 52e9 aade | c5ff f4f4 
[/MachCode]


Compiled method (c1)    2749 1168       1       jdk.internal.loader.BuiltinClassLoader::defineClass (121 bytes)
 total in heap  [0x000002b7e46b8090,0x000002b7e46b8f28] = 3736
 relocation     [0x000002b7e46b81e8,0x000002b7e46b8318] = 304
 main code      [0x000002b7e46b8320,0x000002b7e46b8960] = 1600
 stub code      [0x000002b7e46b8960,0x000002b7e46b8aa8] = 328
 metadata       [0x000002b7e46b8aa8,0x000002b7e46b8af0] = 72
 scopes data    [0x000002b7e46b8af0,0x000002b7e46b8d48] = 600
 scopes pcs     [0x000002b7e46b8d48,0x000002b7e46b8ee8] = 416
 dependencies   [0x000002b7e46b8ee8,0x000002b7e46b8ef0] = 8
 handler table  [0x000002b7e46b8ef0,0x000002b7e46b8f08] = 24
 nul chk table  [0x000002b7e46b8f08,0x000002b7e46b8f28] = 32

[Constant Pool (empty)]

[MachCode]
[Entry Point]
  # {method} {0x000002b7804346c0} 'defineClass' '(Ljava/lang/String;Ljdk/internal/loader/Resource;)Ljava/lang/Class;' in 'jdk/internal/loader/BuiltinClassLoader'
  # this:     rdx:rdx   = 'jdk/internal/loader/BuiltinClassLoader'
  # parm0:    r8:r8     = 'java/lang/String'
  # parm1:    r9:r9     = 'jdk/internal/loader/Resource'
  #           [sp+0x110]  (sp of caller)
  0x000002b7e46b8320: 448b 5208 | 49bb 0000 | 0080 b702 | 0000 4d03 | d34c 3bd0 

  0x000002b7e46b8334: ;   {runtime_call ic_miss_stub}
  0x000002b7e46b8334: 0f85 468d | c7ff 660f | 1f44 0000 
[Verified Entry Point]
  0x000002b7e46b8340: 8984 2400 | 90ff ff55 | 4881 ec00 | 0100 0048 | 8994 24a0 | 0000 004c | 8984 2490 | 0000 004c 
  0x000002b7e46b8360: 898c 2498 | 0000 0049 | 8bd1 6666 | 9048 b828 | ab19 80b7 

  0x000002b7e46b8374: ;   {virtual_call}
  0x000002b7e46b8374: 0200 00e8 

  0x000002b7e46b8378: ; ImmutableOopMap {[152]=Oop [160]=Oop [144]=Oop }
                      ;*invokevirtual getCodeSourceURL {reexecute=0 rethrow=0 return_oop=0}
                      ; - jdk.internal.loader.BuiltinClassLoader::defineClass@1 (line 842)
  0x000002b7e46b8378: 2448 0000 | 4889 8424 | a800 0000 | 4c8b 8424 | 9000 0000 

  0x000002b7e46b838c: ; implicit exception: dispatches to 0x000002b7e46b8853
  0x000002b7e46b838c: 418b 7014 | 48c1 e603 

  0x000002b7e46b8394: ; implicit exception: dispatches to 0x000002b7e46b8858
  0x000002b7e46b8394: 8b56 0c45 | 0fbe 4810 | 498b c9c1 | e118 c1f9 | 18d3 fa48 | 8bfa ffcf | 4183 f900 | ba00 0000 
  0x000002b7e46b83b4: 000f 8505 | 0000 00ba | 0100 0000 | 83e2 0183 | fa00 488b | d641 b82e | 0000 004c | 8bcf 0f84 
  0x000002b7e46b83d4: 1100 0000 | 0f1f 8000 

  0x000002b7e46b83dc: ;   {static_call}
  0x000002b7e46b83dc: 0000 00e8 

  0x000002b7e46b83e0: ; ImmutableOopMap {[152]=Oop [160]=Oop [168]=Oop [144]=Oop }
                      ;*invokestatic lastIndexOf {reexecute=0 rethrow=0 return_oop=0}
                      ; - java.lang.String::lastIndexOf@13 (line 2489)
                      ; - java.lang.String::lastIndexOf@8 (line 2451)
                      ; - jdk.internal.loader.BuiltinClassLoader::defineClass@8 (line 845)
  0x000002b7e46b83e0: 3cf3 d2ff | e90b 0000 | 0066 0f1f 

  0x000002b7e46b83ec: ;   {static_call}
  0x000002b7e46b83ec: 4400 00e8 

  0x000002b7e46b83f0: ; ImmutableOopMap {[152]=Oop [160]=Oop [168]=Oop [144]=Oop }
                      ;*invokestatic lastIndexOf {reexecute=0 rethrow=0 return_oop=0}
                      ; - java.lang.String::lastIndexOf@25 (line 2490)
                      ; - java.lang.String::lastIndexOf@8 (line 2451)
                      ; - jdk.internal.loader.BuiltinClassLoader::defineClass@8 (line 845)
  0x000002b7e46b83f0: 8c95 c7ff | 83f8 ff0f | 8467 0000 | 0041 b800 | 0000 004c | 8bc8 488b | 9424 9000 

  0x000002b7e46b840c: ;   {optimized virtual_call}
  0x000002b7e46b840c: 0000 90e8 

  0x000002b7e46b8410: ; ImmutableOopMap {[152]=Oop [160]=Oop [168]=Oop [144]=Oop }
                      ;*invokevirtual substring {reexecute=0 rethrow=0 return_oop=0}
                      ; - jdk.internal.loader.BuiltinClassLoader::defineClass@23 (line 847)
  0x000002b7e46b8410: ec1c e7ff | 488b 9424 | 9800 0000 | 4889 8424 | b000 0000 | 9048 b828 | ab19 80b7 

  0x000002b7e46b842c: ;   {virtual_call}
  0x000002b7e46b842c: 0200 00e8 

  0x000002b7e46b8430: ; ImmutableOopMap {[152]=Oop [160]=Oop [168]=Oop [144]=Oop [176]=Oop }
                      ;*invokevirtual getManifest {reexecute=0 rethrow=0 return_oop=0}
                      ; - jdk.internal.loader.BuiltinClassLoader::defineClass@29 (line 848)
  0x000002b7e46b8430: 4c51 0000 | 4c8b 8424 | b000 0000 | 4c8b c848 | 8bbc 24a8 | 0000 0048 | 8b94 24a0 | 0000 0066 
  0x000002b7e46b8450: 0f1f 4400 | 0048 b838 | dc07 80b7 

  0x000002b7e46b845c: ;   {virtual_call}
  0x000002b7e46b845c: 0200 00e8 

  0x000002b7e46b8460: ; ImmutableOopMap {[152]=Oop [160]=Oop [168]=Oop [144]=Oop }
                      ;*invokevirtual defineOrCheckPackage {reexecute=0 rethrow=0 return_oop=0}
                      ; - jdk.internal.loader.BuiltinClassLoader::defineClass@40 (line 849)
  0x000002b7e46b8460: bcf0 ffff | 4c8b 8c24 | 9800 0000 | 488d 9424 | e000 0000 | 4c89 4a08 | 498b 0148 | 83c8 0148 
  0x000002b7e46b8480: 8902 f049 | 0fb1 110f | 8413 0000 | 0048 2bc4 | 4881 e007 | f0ff ff48 | 8902 0f85 | bd03 0000 
  0x000002b7e46b84a0: 418b 510c | 48c1 e203 | 4883 fa00 | 0f85 4700 | 0000 498b | d148 b828 | ab19 80b7 

  0x000002b7e46b84bc: ;   {virtual_call}
  0x000002b7e46b84bc: 0200 00e8 

  0x000002b7e46b84c0: ; ImmutableOopMap {[160]=Oop [168]=Oop [144]=Oop [152]=Oop [232]=Oop }
                      ;*invokevirtual getInputStream {reexecute=0 rethrow=0 return_oop=0}
                      ; - jdk.internal.loader.Resource::cachedInputStream@9 (line 77)
                      ; - jdk.internal.loader.Resource::getByteBuffer@1 (line 163)
                      ; - jdk.internal.loader.BuiltinClassLoader::defineClass@45 (line 853)
  0x000002b7e46b84c0: 5c68 0000 | 410f be57 | 3883 fa00 | 4c8b 8c24 | 9800 0000 | 0f85 9603 | 0000 4c8b | d049 c1ea 
  0x000002b7e46b84e0: 0345 8951 | 0c49 8bd1 | 4833 d048 | c1ea 1548 | 83fa 000f | 8597 0300 | 0041 8b51 | 0c48 c1e2 
  0x000002b7e46b8500: 0348 8d84 | 24e0 0000 | 0048 8b30 | 4885 f60f | 840f 0000 | 0048 8b78 | 08f0 480f | b137 0f85 
  0x000002b7e46b8520: 8403 0000 | 4883 fa00 | 0f84 4400 

  0x000002b7e46b852c: ;   {metadata('sun/nio/ByteBuffered')}
  0x000002b7e46b852c: 0000 48b8 | 40dd 0d80 | b702 0000 | 8b5a 0849 | ba00 0000 | 80b7 0200 | 0049 03da | 483b 4320 
  0x000002b7e46b854c: 0f84 2500 | 0000 483b | d80f 841c | 0000 0053 

  0x000002b7e46b855c: ;   {runtime_call slow_subtype_check Runtime1 stub}
  0x000002b7e46b855c: 50e8 9eea | d1ff 5b5b | 83fb 000f | 8405 0000 | 00e9 0500 | 0000 4833 | f6eb 0a48 | be01 0000 
  0x000002b7e46b857c: 0000 0000 | 0083 fe00 | 0f84 6700 | 0000 4883 | fa00 0f84 | 4400 0000 

  0x000002b7e46b8594: ;   {metadata('sun/nio/ByteBuffered')}
  0x000002b7e46b8594: 48bb 40dd | 0d80 b702 | 0000 8b7a | 0849 ba00 | 0000 80b7 | 0200 0049 | 03fa 483b | 5f20 0f84 
  0x000002b7e46b85b4: 2000 0000 | 483b fb0f | 8417 0000 

  0x000002b7e46b85c0: ;   {runtime_call slow_subtype_check Runtime1 stub}
  0x000002b7e46b85c0: 0057 53e8 | 38ea d1ff | 5f5f 83ff | 000f 84eb | 0200 00e9 | 0000 0000 | 0f1f 4400 | 0048 b8ff 
  0x000002b7e46b85e0: ffff ffff 

  0x000002b7e46b85e4: ;   {virtual_call}
  0x000002b7e46b85e4: ffff ffe8 

  0x000002b7e46b85e8: ; ImmutableOopMap {[160]=Oop [168]=Oop [144]=Oop [152]=Oop }
                      ;*invokeinterface getByteBuffer {reexecute=0 rethrow=0 return_oop=0}
                      ; - jdk.internal.loader.Resource::getByteBuffer@16 (line 165)
                      ; - jdk.internal.loader.BuiltinClassLoader::defineClass@45 (line 853)
  0x000002b7e46b85e8: 9490 c7ff | e90a 0000 

  0x000002b7e46b85f0: ;   {oop(NULL)}
  0x000002b7e46b85f0: 0048 b800 | 0000 0000 | 0000 0048 | 83f8 000f | 84e5 0000 | 0048 8984 | 24b8 0000 | 0048 8b94 
  0x000002b7e46b8610: 2498 0000 | 0048 b8ff | ffff ffff 

  0x000002b7e46b861c: ;   {virtual_call}
  0x000002b7e46b861c: ffff ffe8 

  0x000002b7e46b8620: ; ImmutableOopMap {[160]=Oop [168]=Oop [144]=Oop [184]=Oop }
                      ;*invokevirtual getCodeSigners {reexecute=0 rethrow=0 return_oop=0}
                      ; - jdk.internal.loader.BuiltinClassLoader::defineClass@56 (line 855)
  0x000002b7e46b8620: 5c90 c7ff 

  0x000002b7e46b8624: ;   {metadata('java/security/CodeSource')}
  0x000002b7e46b8624: 4c8b c848 | bab0 ee00 | 80b7 0200 | 0049 8b87 | 0801 0000 | 488d 7828 | 493b bf18 | 0100 000f 
  0x000002b7e46b8644: 877e 0200 | 0049 89bf | 0801 0000 | 48c7 0001 | 0000 0048 | 8bca 49ba | 0000 0080 | b702 0000 
  0x000002b7e46b8664: 492b ca89 | 4808 4833 | c989 480c | 4833 c948 | 8948 1048 | 8948 1848 | 8948 204c | 8b84 24a8 
  0x000002b7e46b8684: 0000 0048 | 8bd0 4889 | 8424 c000 | 0000 0f1f 

  0x000002b7e46b8694: ;   {optimized virtual_call}
  0x000002b7e46b8694: 4400 00e8 

  0x000002b7e46b8698: ; ImmutableOopMap {[160]=Oop [144]=Oop [184]=Oop [192]=Oop }
                      ;*invokespecial <init> {reexecute=0 rethrow=0 return_oop=0}
                      ; - jdk.internal.loader.BuiltinClassLoader::defineClass@68 (line 856)
  0x000002b7e46b8698: e48c c7ff | 4c8b 8424 | c000 0000 | 488b 9424 | a000 0000 

  0x000002b7e46b86ac: ;   {optimized virtual_call}
  0x000002b7e46b86ac: 6666 90e8 

  0x000002b7e46b86b0: ; ImmutableOopMap {[160]=Oop [144]=Oop [184]=Oop }
                      ;*invokevirtual getProtectionDomain {reexecute=0 rethrow=0 return_oop=0}
                      ; - java.security.SecureClassLoader::defineClass@5 (line 182)
                      ; - jdk.internal.loader.BuiltinClassLoader::defineClass@79 (line 857)
  0x000002b7e46b86b0: cc8c c7ff | 4c8b 8424 | 9000 0000 | 4c8b 8c24 | b800 0000 | 488b f848 | 8b94 24a0 

  0x000002b7e46b86cc: ;   {optimized virtual_call}
  0x000002b7e46b86cc: 0000 00e8 

  0x000002b7e46b86d0: ; ImmutableOopMap {}
                      ;*invokevirtual defineClass {reexecute=0 rethrow=0 return_oop=0}
                      ; - java.security.SecureClassLoader::defineClass@8 (line 182)
                      ; - jdk.internal.loader.BuiltinClassLoader::defineClass@79 (line 857)
  0x000002b7e46b86d0: ac8c c7ff | 4881 c400 | 0100 005d 

  0x000002b7e46b86dc: ;   {poll_return}
  0x000002b7e46b86dc: 493b a750 | 0300 000f | 87eb 0100 | 00c3 4c8b | 8c24 9800 | 0000 498b | d148 b828 | ab19 80b7 
  0x000002b7e46b86fc: ;   {virtual_call}
  0x000002b7e46b86fc: 0200 00e8 

  0x000002b7e46b8700: ; ImmutableOopMap {[160]=Oop [144]=Oop [152]=Oop [168]=Oop }
                      ;*invokevirtual getBytes {reexecute=0 rethrow=0 return_oop=0}
                      ; - jdk.internal.loader.BuiltinClassLoader::defineClass@84 (line 859)
  0x000002b7e46b8700: dc72 0000 | 4889 8424 | c800 0000 | 488b 9424 | 9800 0000 | 9048 b828 | ab19 80b7 

  0x000002b7e46b871c: ;   {virtual_call}
  0x000002b7e46b871c: 0200 00e8 

  0x000002b7e46b8720: ; ImmutableOopMap {[160]=Oop [144]=Oop [168]=Oop [200]=Oop }
                      ;*invokevirtual getCodeSigners {reexecute=0 rethrow=0 return_oop=0}
                      ; - jdk.internal.loader.BuiltinClassLoader::defineClass@90 (line 860)
  0x000002b7e46b8720: 7c78 0000 

  0x000002b7e46b8724: ;   {metadata('java/security/CodeSource')}
  0x000002b7e46b8724: 4c8b c848 | bab0 ee00 | 80b7 0200 | 0049 8b87 | 0801 0000 | 488d 7828 | 493b bf18 | 0100 000f 
  0x000002b7e46b8744: 87a1 0100 | 0049 89bf | 0801 0000 | 48c7 0001 | 0000 0048 | 8bca 49ba | 0000 0080 | b702 0000 
  0x000002b7e46b8764: 492b ca89 | 4808 4833 | c989 480c | 4833 c948 | 8948 1048 | 8948 1848 | 8948 204c | 8b84 24a8 
  0x000002b7e46b8784: 0000 0048 | 8bd0 4889 | 8424 d000 | 0000 0f1f 

  0x000002b7e46b8794: ;   {optimized virtual_call}
  0x000002b7e46b8794: 4400 00e8 

  0x000002b7e46b8798: ; ImmutableOopMap {[160]=Oop [144]=Oop [200]=Oop [208]=Oop }
                      ;*invokespecial <init> {reexecute=0 rethrow=0 return_oop=0}
                      ; - jdk.internal.loader.BuiltinClassLoader::defineClass@102 (line 861)
  0x000002b7e46b8798: 64f6 0100 | 488b 8424 | c800 0000 

  0x000002b7e46b87a4: ; implicit exception: dispatches to 0x000002b7e46b88f7
  0x000002b7e46b87a4: 8b70 0c4c | 8b84 24d0 | 0000 0048 | 8b94 24a0 | 0000 0089 | b424 d800 

  0x000002b7e46b87bc: ;   {optimized virtual_call}
  0x000002b7e46b87bc: 0000 90e8 

  0x000002b7e46b87c0: ; ImmutableOopMap {[160]=Oop [144]=Oop [200]=Oop }
                      ;*invokevirtual getProtectionDomain {reexecute=0 rethrow=0 return_oop=0}
                      ; - java.security.SecureClassLoader::defineClass@9 (line 150)
                      ; - jdk.internal.loader.BuiltinClassLoader::defineClass@117 (line 862)
  0x000002b7e46b87c0: 1cf0 0100 | 4c8b 8424 | 9000 0000 | 4c8b 8c24 | c800 0000 | bf00 0000 | 008b b424 | d800 0000 
  0x000002b7e46b87e0: 488b c848 | 8b94 24a0 | 0000 000f 

  0x000002b7e46b87ec: ;   {optimized virtual_call}
  0x000002b7e46b87ec: 1f40 00e8 

  0x000002b7e46b87f0: ; ImmutableOopMap {}
                      ;*invokevirtual defineClass {reexecute=0 rethrow=0 return_oop=0}
                      ; - java.security.SecureClassLoader::defineClass@12 (line 150)
                      ; - jdk.internal.loader.BuiltinClassLoader::defineClass@117 (line 862)
  0x000002b7e46b87f0: 0c04 0200 | 4881 c400 | 0100 005d 

  0x000002b7e46b87fc: ;   {poll_return}
  0x000002b7e46b87fc: 493b a750 | 0300 000f | 87f3 0000 | 00c3 498b | 87e0 0300 | 004d 33d2 | 4d89 97e0 | 0300 004d 
  0x000002b7e46b881c: 33d2 4d89 | 97e8 0300 | 0048 8bf0 | 488d 8424 | e000 0000 | 488b 3848 | 85ff 0f84 | 0f00 0000 
  0x000002b7e46b883c: 488b 5808 | f048 0fb1 | 3b0f 85c7 | 0000 0048 | 8bc6 e9f4 

  0x000002b7e46b8850: ;   {runtime_call throw_null_pointer_exception Runtime1 stub}
  0x000002b7e46b8850: 0000 00e8 

  0x000002b7e46b8854: ; ImmutableOopMap {[152]=Oop [160]=Oop rax=Oop [168]=Oop r8=Oop [144]=Oop }
                      ;*invokevirtual lastIndexOf {reexecute=0 rethrow=0 return_oop=0}
                      ; - jdk.internal.loader.BuiltinClassLoader::defineClass@8 (line 845)
  0x000002b7e46b8854: c8ba d1ff 

  0x000002b7e46b8858: ;   {runtime_call throw_null_pointer_exception Runtime1 stub}
  0x000002b7e46b8858: e8c3 bad1 

  0x000002b7e46b885c: ; ImmutableOopMap {[152]=Oop [160]=Oop rax=Oop [168]=Oop r8=Oop [144]=Oop rsi=Oop }
                      ;*arraylength {reexecute=0 rethrow=0 return_oop=0}
                      ; - java.lang.String::length@4 (line 1481)
                      ; - java.lang.String::lastIndexOf@3 (line 2451)
                      ; - jdk.internal.loader.BuiltinClassLoader::defineClass@8 (line 845)
  0x000002b7e46b885c: ff4c 894c | 2408 4889 

  0x000002b7e46b8864: ;   {runtime_call monitorenter_nofpu Runtime1 stub}
  0x000002b7e46b8864: 1424 e895 

  0x000002b7e46b8868: ; ImmutableOopMap {[160]=Oop [168]=Oop [144]=Oop r9=Oop [152]=Oop [232]=Oop }
                      ;*synchronization entry
                      ; - jdk.internal.loader.Resource::cachedInputStream@-1 (line 76)
                      ; - jdk.internal.loader.Resource::getByteBuffer@1 (line 163)
                      ; - jdk.internal.loader.BuiltinClassLoader::defineClass@45 (line 853)
  0x000002b7e46b8868: edd1 ffe9 | 30fc ffff | 418b 510c | 48c1 e203 | 4883 fa00 | 0f84 58fc | ffff 4889 

  0x000002b7e46b8884: ;   {runtime_call g1_pre_barrier_slow}
  0x000002b7e46b8884: 1424 e875 | 14d2 ffe9 | 4afc ffff | 4883 f800 | 0f84 5ffc | ffff 4c89 

  0x000002b7e46b889c: ;   {runtime_call g1_post_barrier_slow}
  0x000002b7e46b889c: 0c24 e85d | 17d2 ffe9 | 51fc ffff | 488d 8424 | e000 0000 | 4889 0424 

  0x000002b7e46b88b4: ;   {runtime_call monitorexit_nofpu Runtime1 stub}
  0x000002b7e46b88b4: e847 f3d1 | ffe9 66fc | ffff 4889 

  0x000002b7e46b88c0: ;   {runtime_call throw_class_cast_exception Runtime1 stub}
  0x000002b7e46b88c0: 1424 e859 

  0x000002b7e46b88c4: ; ImmutableOopMap {[160]=Oop [168]=Oop [144]=Oop [152]=Oop }
                      ;*checkcast {reexecute=0 rethrow=0 return_oop=0}
                      ; - jdk.internal.loader.Resource::getByteBuffer@13 (line 165)
                      ; - jdk.internal.loader.BuiltinClassLoader::defineClass@45 (line 853)
  0x000002b7e46b88c4: e1d1 ff48 

  0x000002b7e46b88c8: ;   {runtime_call fast_new_instance Runtime1 stub}
  0x000002b7e46b88c8: 8bd2 e831 

  0x000002b7e46b88cc: ; ImmutableOopMap {[160]=Oop [168]=Oop [144]=Oop [184]=Oop r9=Oop }
                      ;*new {reexecute=0 rethrow=0 return_oop=0}
                      ; - jdk.internal.loader.BuiltinClassLoader::defineClass@61 (line 856)
  0x000002b7e46b88cc: c3d1 ffe9 | abfd ffff 

  0x000002b7e46b88d4: ;   {internal_word}
  0x000002b7e46b88d4: 49ba dc86 | 6be4 b702 | 0000 4d89 | 9768 0300 

  0x000002b7e46b88e4: ;   {runtime_call SafepointBlob}
  0x000002b7e46b88e4: 00e9 16f1 | c7ff 488b 

  0x000002b7e46b88ec: ;   {runtime_call fast_new_instance Runtime1 stub}
  0x000002b7e46b88ec: d2e8 0ec3 

  0x000002b7e46b88f0: ; ImmutableOopMap {[160]=Oop [144]=Oop [168]=Oop [200]=Oop r9=Oop }
                      ;*new {reexecute=0 rethrow=0 return_oop=0}
                      ; - jdk.internal.loader.BuiltinClassLoader::defineClass@95 (line 861)
  0x000002b7e46b88f0: d1ff e988 

  0x000002b7e46b88f4: ;   {runtime_call throw_null_pointer_exception Runtime1 stub}
  0x000002b7e46b88f4: feff ffe8 

  0x000002b7e46b88f8: ; ImmutableOopMap {[160]=Oop [144]=Oop [208]=Oop rax=Oop [200]=Oop }
                      ;*arraylength {reexecute=0 rethrow=0 return_oop=0}
                      ; - jdk.internal.loader.BuiltinClassLoader::defineClass@114 (line 862)
  0x000002b7e46b88f8: 24ba d1ff 

  0x000002b7e46b88fc: ;   {internal_word}
  0x000002b7e46b88fc: 49ba fc87 | 6be4 b702 | 0000 4d89 | 9768 0300 

  0x000002b7e46b890c: ;   {runtime_call SafepointBlob}
  0x000002b7e46b890c: 00e9 eef0 | c7ff 488d | 8424 e000 | 0000 4889 

  0x000002b7e46b891c: ;   {runtime_call monitorexit_nofpu Runtime1 stub}
  0x000002b7e46b891c: 0424 e8dd | f2d1 ffe9 | 23ff ffff | 9090 498b | 87e0 0300 | 0049 c787 | e003 0000 | 0000 0000 
  0x000002b7e46b893c: 49c7 87e8 | 0300 0000 | 0000 0048 | 81c4 0001 

  0x000002b7e46b894c: ;   {runtime_call unwind_exception Runtime1 stub}
  0x000002b7e46b894c: 0000 5de9 | acaa d1ff | f4f4 f4f4 | f4f4 f4f4 | f4f4 f4f4 
[Stub Code]
  0x000002b7e46b8960: ;   {no_reloc}
  0x000002b7e46b8960: 0f1f 4400 

  0x000002b7e46b8964: ;   {static_stub}
  0x000002b7e46b8964: 0048 bb00 | 0000 0000 

  0x000002b7e46b896c: ;   {runtime_call}
  0x000002b7e46b896c: 0000 00e9 | fbff ffff 

  0x000002b7e46b8974: ;   {static_stub}
  0x000002b7e46b8974: 9048 bb00 | 0000 0000 

  0x000002b7e46b897c: ;   {runtime_call}
  0x000002b7e46b897c: 0000 00e9 | fbff ffff 

  0x000002b7e46b8984: ;   {static_stub}
  0x000002b7e46b8984: 9048 bb00 | 0000 0000 

  0x000002b7e46b898c: ;   {runtime_call}
  0x000002b7e46b898c: 0000 00e9 | fbff ffff 

  0x000002b7e46b8994: ;   {static_stub}
  0x000002b7e46b8994: 9048 bb00 | 0000 0000 

  0x000002b7e46b899c: ;   {runtime_call}
  0x000002b7e46b899c: 0000 00e9 | fbff ffff 

  0x000002b7e46b89a4: ;   {static_stub}
  0x000002b7e46b89a4: 9048 bb00 | 0000 0000 

  0x000002b7e46b89ac: ;   {runtime_call}
  0x000002b7e46b89ac: 0000 00e9 | fbff ffff 

  0x000002b7e46b89b4: ;   {static_stub}
  0x000002b7e46b89b4: 9048 bb00 | 0000 0000 

  0x000002b7e46b89bc: ;   {runtime_call}
  0x000002b7e46b89bc: 0000 00e9 | fbff ffff 

  0x000002b7e46b89c4: ;   {static_stub}
  0x000002b7e46b89c4: 9048 bb00 | 0000 0000 

  0x000002b7e46b89cc: ;   {runtime_call}
  0x000002b7e46b89cc: 0000 00e9 | fbff ffff 

  0x000002b7e46b89d4: ;   {static_stub}
  0x000002b7e46b89d4: 9048 bb00 | 0000 0000 

  0x000002b7e46b89dc: ;   {runtime_call}
  0x000002b7e46b89dc: 0000 00e9 | fbff ffff 

  0x000002b7e46b89e4: ;   {static_stub}
  0x000002b7e46b89e4: 9048 bb00 | 0000 0000 

  0x000002b7e46b89ec: ;   {runtime_call}
  0x000002b7e46b89ec: 0000 00e9 | fbff ffff 

  0x000002b7e46b89f4: ;   {static_stub}
  0x000002b7e46b89f4: 9048 bb00 | 0000 0000 

  0x000002b7e46b89fc: ;   {runtime_call}
  0x000002b7e46b89fc: 0000 00e9 | fbff ffff 

  0x000002b7e46b8a04: ;   {static_stub}
  0x000002b7e46b8a04: 9048 bb00 | 0000 0000 

  0x000002b7e46b8a0c: ;   {runtime_call}
  0x000002b7e46b8a0c: 0000 00e9 | fbff ffff 

  0x000002b7e46b8a14: ;   {static_stub}
  0x000002b7e46b8a14: 9048 bb00 | 0000 0000 

  0x000002b7e46b8a1c: ;   {runtime_call}
  0x000002b7e46b8a1c: 0000 00e9 | fbff ffff 

  0x000002b7e46b8a24: ;   {static_stub}
  0x000002b7e46b8a24: 9048 bb00 | 0000 0000 

  0x000002b7e46b8a2c: ;   {runtime_call}
  0x000002b7e46b8a2c: 0000 00e9 | fbff ffff 

  0x000002b7e46b8a34: ;   {static_stub}
  0x000002b7e46b8a34: 9048 bb00 | 0000 0000 

  0x000002b7e46b8a3c: ;   {runtime_call}
  0x000002b7e46b8a3c: 0000 00e9 | fbff ffff 

  0x000002b7e46b8a44: ;   {static_stub}
  0x000002b7e46b8a44: 9048 bbd0 | 0c42 80b7 

  0x000002b7e46b8a4c: ;   {runtime_call I2C/C2I adapters}
  0x000002b7e46b8a4c: 0200 00e9 | 8d4f c7ff 

  0x000002b7e46b8a54: ;   {static_stub}
  0x000002b7e46b8a54: 9048 bb90 | 2e43 80b7 

  0x000002b7e46b8a5c: ;   {runtime_call I2C/C2I adapters}
  0x000002b7e46b8a5c: 0200 00e9 | f9db c7ff 

  0x000002b7e46b8a64: ;   {static_stub}
  0x000002b7e46b8a64: 9048 bbb8 | 0c01 80b7 

  0x000002b7e46b8a6c: ;   {runtime_call I2C/C2I adapters}
  0x000002b7e46b8a6c: 0200 00e9 | 77ec c6ff 
[Exception Handler]
  0x000002b7e46b8a74: ;   {runtime_call handle_exception_from_callee Runtime1 stub}
  0x000002b7e46b8a74: e887 d9d1 

  0x000002b7e46b8a78: ;   {external_word}
  0x000002b7e46b8a78: ff48 b940 | 9a4a 39ff | 7f00 0048 

  0x000002b7e46b8a84: ;   {runtime_call}
  0x000002b7e46b8a84: 83e4 f049 | ba60 2f13 | 39ff 7f00 | 0041 ffd2 

  0x000002b7e46b8a94: ;   {section_word}
  0x000002b7e46b8a94: f449 ba95 | 8a6b e4b7 | 0200 0041 

  0x000002b7e46b8aa0: ;   {runtime_call DeoptimizationBlob}
  0x000002b7e46b8aa0: 52e9 fae1 | c7ff f4f4 
[/MachCode]


---------------  P R O C E S S  ---------------

Threads class SMR info:
_java_thread_list=0x000002b7f90ca260, length=18, elements={
0x000002b7db00b410, 0x000002b7f8008590, 0x000002b7f8009410, 0x000002b7f8019d10,
0x000002b7f801a6e0, 0x000002b7f801b1a0, 0x000002b7f801bb60, 0x000002b7f801dbf0,
0x000002b7f8021af0, 0x000002b7f8108e70, 0x000002b7f810b8d0, 0x000002b7f810be20,
0x000002b7f85ff020, 0x000002b7f85fc5e0, 0x000002b7f8738cb0, 0x000002b7f8fe2760,
0x000002b7f9070060, 0x000002b7f90d2fc0
}

Java Threads: ( => current thread )
=>0x000002b7db00b410 JavaThread "main" [_thread_in_vm, id=28348, stack(0x000000fbb4d00000,0x000000fbb4e00000)]
  0x000002b7f8008590 JavaThread "Reference Handler" daemon [_thread_blocked, id=9332, stack(0x000000fbb5400000,0x000000fbb5500000)]
  0x000002b7f8009410 JavaThread "Finalizer" daemon [_thread_blocked, id=12016, stack(0x000000fbb5500000,0x000000fbb5600000)]
  0x000002b7f8019d10 JavaThread "Signal Dispatcher" daemon [_thread_blocked, id=18936, stack(0x000000fbb5600000,0x000000fbb5700000)]
  0x000002b7f801a6e0 JavaThread "Attach Listener" daemon [_thread_blocked, id=26200, stack(0x000000fbb5700000,0x000000fbb5800000)]
  0x000002b7f801b1a0 JavaThread "Service Thread" daemon [_thread_blocked, id=12500, stack(0x000000fbb5800000,0x000000fbb5900000)]
  0x000002b7f801bb60 JavaThread "Monitor Deflation Thread" daemon [_thread_blocked, id=11376, stack(0x000000fbb5900000,0x000000fbb5a00000)]
  0x000002b7f801dbf0 JavaThread "C1 CompilerThread0" daemon [_thread_blocked, id=17676, stack(0x000000fbb5a00000,0x000000fbb5b00000)]
  0x000002b7f8021af0 JavaThread "Sweeper thread" daemon [_thread_blocked, id=17648, stack(0x000000fbb5b00000,0x000000fbb5c00000)]
  0x000002b7f8108e70 JavaThread "Common-Cleaner" daemon [_thread_blocked, id=28844, stack(0x000000fbb5c00000,0x000000fbb5d00000)]
  0x000002b7f810b8d0 JavaThread "C1 CompilerThread1" daemon [_thread_blocked, id=21092, stack(0x000000fbb5d00000,0x000000fbb5e00000)]
  0x000002b7f810be20 JavaThread "C1 CompilerThread2" daemon [_thread_blocked, id=4284, stack(0x000000fbb5e00000,0x000000fbb5f00000)]
  0x000002b7f85ff020 JavaThread "Monitor Ctrl-Break" daemon [_thread_in_native, id=21296, stack(0x000000fbb5f00000,0x000000fbb6000000)]
  0x000002b7f85fc5e0 JavaThread "Notification Thread" daemon [_thread_blocked, id=15924, stack(0x000000fbb6000000,0x000000fbb6100000)]
  0x000002b7f8738cb0 JavaThread "RMI TCP Accept-0" daemon [_thread_in_native, id=23160, stack(0x000000fbb6100000,0x000000fbb6200000)]
  0x000002b7f8fe2760 JavaThread "RMI TCP Connection(1)-192.168.0.6" daemon [_thread_in_native, id=1308, stack(0x000000fbb6a00000,0x000000fbb6b00000)]
  0x000002b7f9070060 JavaThread "RMI Scheduler(0)" daemon [_thread_blocked, id=17928, stack(0x000000fbb6b00000,0x000000fbb6c00000)]
  0x000002b7f90d2fc0 JavaThread "background-preinit" [_thread_in_vm, id=2976, stack(0x000000fbb6d00000,0x000000fbb6e00000)]

Other Threads:
  0x000002b7f3d26860 VMThread "VM Thread" [stack: 0x000000fbb5300000,0x000000fbb5400000] [id=27744]
  0x000002b7f8770c20 WatcherThread [stack: 0x000000fbb6200000,0x000000fbb6300000] [id=27712]
  0x000002b7db0756b0 GCTaskThread "GC Thread#0" [stack: 0x000000fbb4e00000,0x000000fbb4f00000] [id=18120]
  0x000002b7f8b4d8e0 GCTaskThread "GC Thread#1" [stack: 0x000000fbb6300000,0x000000fbb6400000] [id=29756]
  0x000002b7f8b4dba0 GCTaskThread "GC Thread#2" [stack: 0x000000fbb6400000,0x000000fbb6500000] [id=30628]
  0x000002b7f8b4de60 GCTaskThread "GC Thread#3" [stack: 0x000000fbb6500000,0x000000fbb6600000] [id=19296]
  0x000002b7f8b546c0 GCTaskThread "GC Thread#4" [stack: 0x000000fbb6600000,0x000000fbb6700000] [id=21768]
  0x000002b7f8b54d90 GCTaskThread "GC Thread#5" [stack: 0x000000fbb6700000,0x000000fbb6800000] [id=29328]
  0x000002b7f8baede0 GCTaskThread "GC Thread#6" [stack: 0x000000fbb6800000,0x000000fbb6900000] [id=2792]
  0x000002b7f9053f90 GCTaskThread "GC Thread#7" [stack: 0x000000fbb6c00000,0x000000fbb6d00000] [id=18312]
  0x000002b7db0862d0 ConcurrentGCThread "G1 Main Marker" [stack: 0x000000fbb4f00000,0x000000fbb5000000] [id=11120]
  0x000002b7db087490 ConcurrentGCThread "G1 Conc#0" [stack: 0x000000fbb5000000,0x000000fbb5100000] [id=5436]
  0x000002b7f3be09c0 ConcurrentGCThread "G1 Refine#0" [stack: 0x000000fbb5100000,0x000000fbb5200000] [id=17524]
  0x000002b7f8baf8b0 ConcurrentGCThread "G1 Refine#1" [stack: 0x000000fbb6900000,0x000000fbb6a00000] [id=12808]
  0x000002b7f3be2400 ConcurrentGCThread "G1 Service" [stack: 0x000000fbb5200000,0x000000fbb5300000] [id=2940]

Threads with active compile tasks:

VM state: not at safepoint (normal execution)

VM Mutex/Monitor currently owned by a thread:  ([mutex/lock_event])
[0x000002b7db004490] Metaspace_lock - owner thread: 0x000002b7db00b410

Heap address: 0x0000000703200000, size: 4046 MB, Compressed Oops mode: Zero based, Oop shift amount: 3

CDS archive(s) mapped at: [0x000002b780000000-0x000002b780ba0000-0x000002b780ba0000), size 12189696, SharedBaseAddress: 0x000002b780000000, ArchiveRelocationMode: 1.
Compressed class space mapped at: 0x000002b781000000-0x000002b7c1000000, reserved size: 1073741824
Narrow klass base: 0x000002b780000000, Narrow klass shift: 0, Narrow klass range: 0x100000000

GC Precious Log:
 CPUs: 8 total, 8 available
 Memory: 16178M
 Large Page Support: Disabled
 NUMA Support: Disabled
 Compressed Oops: Enabled (Zero based)
 Heap Region Size: 2M
 Heap Min Capacity: 8M
 Heap Initial Capacity: 254M
 Heap Max Capacity: 4046M
 Pre-touch: Disabled
 Parallel Workers: 8
 Concurrent Workers: 2
 Concurrent Refinement Workers: 8
 Periodic GC: Disabled

Heap:
 garbage-first heap   total 260096K, used 25781K [0x0000000703200000, 0x0000000800000000)
  region size 2048K, 10 young (20480K), 1 survivors (2048K)
 Metaspace       used 13638K, committed 13824K, reserved 1114112K
  class space    used 1824K, committed 1920K, reserved 1048576K

Heap Regions: E=young(eden), S=young(survivor), O=old, HS=humongous(starts), HC=humongous(continues), CS=collection set, F=free, OA=open archive, CA=closed archive, TAMS=top-at-mark-start (previous, next)
|   0|0x0000000703200000, 0x0000000703400000, 0x0000000703400000|100%| O|  |TAMS 0x0000000703200000, 0x0000000703200000| Untracked 
|   1|0x0000000703400000, 0x0000000703600000, 0x0000000703600000|100%| O|  |TAMS 0x0000000703400000, 0x0000000703400000| Untracked 
|   2|0x0000000703600000, 0x0000000703800000, 0x0000000703800000|100%| O|  |TAMS 0x0000000703600000, 0x0000000703600000| Untracked 
|   3|0x0000000703800000, 0x00000007039a7200, 0x0000000703a00000| 82%| O|  |TAMS 0x0000000703800000, 0x0000000703800000| Untracked 
|   4|0x0000000703a00000, 0x0000000703a00000, 0x0000000703c00000|  0%| F|  |TAMS 0x0000000703a00000, 0x0000000703a00000| Untracked 
|   5|0x0000000703c00000, 0x0000000703c00000, 0x0000000703e00000|  0%| F|  |TAMS 0x0000000703c00000, 0x0000000703c00000| Untracked 
|   6|0x0000000703e00000, 0x0000000703e00000, 0x0000000704000000|  0%| F|  |TAMS 0x0000000703e00000, 0x0000000703e00000| Untracked 
|   7|0x0000000704000000, 0x0000000704000000, 0x0000000704200000|  0%| F|  |TAMS 0x0000000704000000, 0x0000000704000000| Untracked 
|   8|0x0000000704200000, 0x0000000704200000, 0x0000000704400000|  0%| F|  |TAMS 0x0000000704200000, 0x0000000704200000| Untracked 
|   9|0x0000000704400000, 0x0000000704400000, 0x0000000704600000|  0%| F|  |TAMS 0x0000000704400000, 0x0000000704400000| Untracked 
|  10|0x0000000704600000, 0x0000000704600000, 0x0000000704800000|  0%| F|  |TAMS 0x0000000704600000, 0x0000000704600000| Untracked 
|  11|0x0000000704800000, 0x0000000704800000, 0x0000000704a00000|  0%| F|  |TAMS 0x0000000704800000, 0x0000000704800000| Untracked 
|  12|0x0000000704a00000, 0x0000000704a00000, 0x0000000704c00000|  0%| F|  |TAMS 0x0000000704a00000, 0x0000000704a00000| Untracked 
|  13|0x0000000704c00000, 0x0000000704c00000, 0x0000000704e00000|  0%| F|  |TAMS 0x0000000704c00000, 0x0000000704c00000| Untracked 
|  14|0x0000000704e00000, 0x0000000704e00000, 0x0000000705000000|  0%| F|  |TAMS 0x0000000704e00000, 0x0000000704e00000| Untracked 
|  15|0x0000000705000000, 0x0000000705000000, 0x0000000705200000|  0%| F|  |TAMS 0x0000000705000000, 0x0000000705000000| Untracked 
|  16|0x0000000705200000, 0x0000000705200000, 0x0000000705400000|  0%| F|  |TAMS 0x0000000705200000, 0x0000000705200000| Untracked 
|  17|0x0000000705400000, 0x0000000705400000, 0x0000000705600000|  0%| F|  |TAMS 0x0000000705400000, 0x0000000705400000| Untracked 
|  18|0x0000000705600000, 0x0000000705600000, 0x0000000705800000|  0%| F|  |TAMS 0x0000000705600000, 0x0000000705600000| Untracked 
|  19|0x0000000705800000, 0x0000000705800000, 0x0000000705a00000|  0%| F|  |TAMS 0x0000000705800000, 0x0000000705800000| Untracked 
|  20|0x0000000705a00000, 0x0000000705a00000, 0x0000000705c00000|  0%| F|  |TAMS 0x0000000705a00000, 0x0000000705a00000| Untracked 
|  21|0x0000000705c00000, 0x0000000705c00000, 0x0000000705e00000|  0%| F|  |TAMS 0x0000000705c00000, 0x0000000705c00000| Untracked 
|  22|0x0000000705e00000, 0x0000000705e00000, 0x0000000706000000|  0%| F|  |TAMS 0x0000000705e00000, 0x0000000705e00000| Untracked 
|  23|0x0000000706000000, 0x0000000706000000, 0x0000000706200000|  0%| F|  |TAMS 0x0000000706000000, 0x0000000706000000| Untracked 
|  24|0x0000000706200000, 0x0000000706200000, 0x0000000706400000|  0%| F|  |TAMS 0x0000000706200000, 0x0000000706200000| Untracked 
|  25|0x0000000706400000, 0x0000000706400000, 0x0000000706600000|  0%| F|  |TAMS 0x0000000706400000, 0x0000000706400000| Untracked 
|  26|0x0000000706600000, 0x0000000706600000, 0x0000000706800000|  0%| F|  |TAMS 0x0000000706600000, 0x0000000706600000| Untracked 
|  27|0x0000000706800000, 0x0000000706800000, 0x0000000706a00000|  0%| F|  |TAMS 0x0000000706800000, 0x0000000706800000| Untracked 
|  28|0x0000000706a00000, 0x0000000706a00000, 0x0000000706c00000|  0%| F|  |TAMS 0x0000000706a00000, 0x0000000706a00000| Untracked 
|  29|0x0000000706c00000, 0x0000000706c00000, 0x0000000706e00000|  0%| F|  |TAMS 0x0000000706c00000, 0x0000000706c00000| Untracked 
|  30|0x0000000706e00000, 0x0000000706e00000, 0x0000000707000000|  0%| F|  |TAMS 0x0000000706e00000, 0x0000000706e00000| Untracked 
|  31|0x0000000707000000, 0x0000000707000000, 0x0000000707200000|  0%| F|  |TAMS 0x0000000707000000, 0x0000000707000000| Untracked 
|  32|0x0000000707200000, 0x0000000707200000, 0x0000000707400000|  0%| F|  |TAMS 0x0000000707200000, 0x0000000707200000| Untracked 
|  33|0x0000000707400000, 0x0000000707400000, 0x0000000707600000|  0%| F|  |TAMS 0x0000000707400000, 0x0000000707400000| Untracked 
|  34|0x0000000707600000, 0x0000000707600000, 0x0000000707800000|  0%| F|  |TAMS 0x0000000707600000, 0x0000000707600000| Untracked 
|  35|0x0000000707800000, 0x0000000707800000, 0x0000000707a00000|  0%| F|  |TAMS 0x0000000707800000, 0x0000000707800000| Untracked 
|  36|0x0000000707a00000, 0x0000000707a00000, 0x0000000707c00000|  0%| F|  |TAMS 0x0000000707a00000, 0x0000000707a00000| Untracked 
|  37|0x0000000707c00000, 0x0000000707c00000, 0x0000000707e00000|  0%| F|  |TAMS 0x0000000707c00000, 0x0000000707c00000| Untracked 
|  38|0x0000000707e00000, 0x0000000707e00000, 0x0000000708000000|  0%| F|  |TAMS 0x0000000707e00000, 0x0000000707e00000| Untracked 
|  39|0x0000000708000000, 0x0000000708000000, 0x0000000708200000|  0%| F|  |TAMS 0x0000000708000000, 0x0000000708000000| Untracked 
|  40|0x0000000708200000, 0x0000000708200000, 0x0000000708400000|  0%| F|  |TAMS 0x0000000708200000, 0x0000000708200000| Untracked 
|  41|0x0000000708400000, 0x0000000708400000, 0x0000000708600000|  0%| F|  |TAMS 0x0000000708400000, 0x0000000708400000| Untracked 
|  42|0x0000000708600000, 0x0000000708600000, 0x0000000708800000|  0%| F|  |TAMS 0x0000000708600000, 0x0000000708600000| Untracked 
|  43|0x0000000708800000, 0x0000000708800000, 0x0000000708a00000|  0%| F|  |TAMS 0x0000000708800000, 0x0000000708800000| Untracked 
|  44|0x0000000708a00000, 0x0000000708a00000, 0x0000000708c00000|  0%| F|  |TAMS 0x0000000708a00000, 0x0000000708a00000| Untracked 
|  45|0x0000000708c00000, 0x0000000708c00000, 0x0000000708e00000|  0%| F|  |TAMS 0x0000000708c00000, 0x0000000708c00000| Untracked 
|  46|0x0000000708e00000, 0x0000000708e00000, 0x0000000709000000|  0%| F|  |TAMS 0x0000000708e00000, 0x0000000708e00000| Untracked 
|  47|0x0000000709000000, 0x0000000709000000, 0x0000000709200000|  0%| F|  |TAMS 0x0000000709000000, 0x0000000709000000| Untracked 
|  48|0x0000000709200000, 0x0000000709200000, 0x0000000709400000|  0%| F|  |TAMS 0x0000000709200000, 0x0000000709200000| Untracked 
|  49|0x0000000709400000, 0x0000000709400000, 0x0000000709600000|  0%| F|  |TAMS 0x0000000709400000, 0x0000000709400000| Untracked 
|  50|0x0000000709600000, 0x0000000709600000, 0x0000000709800000|  0%| F|  |TAMS 0x0000000709600000, 0x0000000709600000| Untracked 
|  51|0x0000000709800000, 0x0000000709800000, 0x0000000709a00000|  0%| F|  |TAMS 0x0000000709800000, 0x0000000709800000| Untracked 
|  52|0x0000000709a00000, 0x0000000709a00000, 0x0000000709c00000|  0%| F|  |TAMS 0x0000000709a00000, 0x0000000709a00000| Untracked 
|  53|0x0000000709c00000, 0x0000000709c00000, 0x0000000709e00000|  0%| F|  |TAMS 0x0000000709c00000, 0x0000000709c00000| Untracked 
|  54|0x0000000709e00000, 0x0000000709e00000, 0x000000070a000000|  0%| F|  |TAMS 0x0000000709e00000, 0x0000000709e00000| Untracked 
|  55|0x000000070a000000, 0x000000070a000000, 0x000000070a200000|  0%| F|  |TAMS 0x000000070a000000, 0x000000070a000000| Untracked 
|  56|0x000000070a200000, 0x000000070a200000, 0x000000070a400000|  0%| F|  |TAMS 0x000000070a200000, 0x000000070a200000| Untracked 
|  57|0x000000070a400000, 0x000000070a400000, 0x000000070a600000|  0%| F|  |TAMS 0x000000070a400000, 0x000000070a400000| Untracked 
|  58|0x000000070a600000, 0x000000070a600000, 0x000000070a800000|  0%| F|  |TAMS 0x000000070a600000, 0x000000070a600000| Untracked 
|  59|0x000000070a800000, 0x000000070a800000, 0x000000070aa00000|  0%| F|  |TAMS 0x000000070a800000, 0x000000070a800000| Untracked 
|  60|0x000000070aa00000, 0x000000070aa00000, 0x000000070ac00000|  0%| F|  |TAMS 0x000000070aa00000, 0x000000070aa00000| Untracked 
|  61|0x000000070ac00000, 0x000000070ac00000, 0x000000070ae00000|  0%| F|  |TAMS 0x000000070ac00000, 0x000000070ac00000| Untracked 
|  62|0x000000070ae00000, 0x000000070ae00000, 0x000000070b000000|  0%| F|  |TAMS 0x000000070ae00000, 0x000000070ae00000| Untracked 
|  63|0x000000070b000000, 0x000000070b000000, 0x000000070b200000|  0%| F|  |TAMS 0x000000070b000000, 0x000000070b000000| Untracked 
|  64|0x000000070b200000, 0x000000070b200000, 0x000000070b400000|  0%| F|  |TAMS 0x000000070b200000, 0x000000070b200000| Untracked 
|  65|0x000000070b400000, 0x000000070b400000, 0x000000070b600000|  0%| F|  |TAMS 0x000000070b400000, 0x000000070b400000| Untracked 
|  66|0x000000070b600000, 0x000000070b600000, 0x000000070b800000|  0%| F|  |TAMS 0x000000070b600000, 0x000000070b600000| Untracked 
|  67|0x000000070b800000, 0x000000070b800000, 0x000000070ba00000|  0%| F|  |TAMS 0x000000070b800000, 0x000000070b800000| Untracked 
|  68|0x000000070ba00000, 0x000000070ba00000, 0x000000070bc00000|  0%| F|  |TAMS 0x000000070ba00000, 0x000000070ba00000| Untracked 
|  69|0x000000070bc00000, 0x000000070bc00000, 0x000000070be00000|  0%| F|  |TAMS 0x000000070bc00000, 0x000000070bc00000| Untracked 
|  70|0x000000070be00000, 0x000000070be00000, 0x000000070c000000|  0%| F|  |TAMS 0x000000070be00000, 0x000000070be00000| Untracked 
|  71|0x000000070c000000, 0x000000070c000000, 0x000000070c200000|  0%| F|  |TAMS 0x000000070c000000, 0x000000070c000000| Untracked 
|  72|0x000000070c200000, 0x000000070c200000, 0x000000070c400000|  0%| F|  |TAMS 0x000000070c200000, 0x000000070c200000| Untracked 
|  73|0x000000070c400000, 0x000000070c400000, 0x000000070c600000|  0%| F|  |TAMS 0x000000070c400000, 0x000000070c400000| Untracked 
|  74|0x000000070c600000, 0x000000070c600000, 0x000000070c800000|  0%| F|  |TAMS 0x000000070c600000, 0x000000070c600000| Untracked 
|  75|0x000000070c800000, 0x000000070c800000, 0x000000070ca00000|  0%| F|  |TAMS 0x000000070c800000, 0x000000070c800000| Untracked 
|  76|0x000000070ca00000, 0x000000070ca00000, 0x000000070cc00000|  0%| F|  |TAMS 0x000000070ca00000, 0x000000070ca00000| Untracked 
|  77|0x000000070cc00000, 0x000000070cc00000, 0x000000070ce00000|  0%| F|  |TAMS 0x000000070cc00000, 0x000000070cc00000| Untracked 
|  78|0x000000070ce00000, 0x000000070ce00000, 0x000000070d000000|  0%| F|  |TAMS 0x000000070ce00000, 0x000000070ce00000| Untracked 
|  79|0x000000070d000000, 0x000000070d000000, 0x000000070d200000|  0%| F|  |TAMS 0x000000070d000000, 0x000000070d000000| Untracked 
|  80|0x000000070d200000, 0x000000070d200000, 0x000000070d400000|  0%| F|  |TAMS 0x000000070d200000, 0x000000070d200000| Untracked 
|  81|0x000000070d400000, 0x000000070d400000, 0x000000070d600000|  0%| F|  |TAMS 0x000000070d400000, 0x000000070d400000| Untracked 
|  82|0x000000070d600000, 0x000000070d600000, 0x000000070d800000|  0%| F|  |TAMS 0x000000070d600000, 0x000000070d600000| Untracked 
|  83|0x000000070d800000, 0x000000070d800000, 0x000000070da00000|  0%| F|  |TAMS 0x000000070d800000, 0x000000070d800000| Untracked 
|  84|0x000000070da00000, 0x000000070da00000, 0x000000070dc00000|  0%| F|  |TAMS 0x000000070da00000, 0x000000070da00000| Untracked 
|  85|0x000000070dc00000, 0x000000070dc00000, 0x000000070de00000|  0%| F|  |TAMS 0x000000070dc00000, 0x000000070dc00000| Untracked 
|  86|0x000000070de00000, 0x000000070de00000, 0x000000070e000000|  0%| F|  |TAMS 0x000000070de00000, 0x000000070de00000| Untracked 
|  87|0x000000070e000000, 0x000000070e000000, 0x000000070e200000|  0%| F|  |TAMS 0x000000070e000000, 0x000000070e000000| Untracked 
|  88|0x000000070e200000, 0x000000070e200000, 0x000000070e400000|  0%| F|  |TAMS 0x000000070e200000, 0x000000070e200000| Untracked 
|  89|0x000000070e400000, 0x000000070e400000, 0x000000070e600000|  0%| F|  |TAMS 0x000000070e400000, 0x000000070e400000| Untracked 
|  90|0x000000070e600000, 0x000000070e600000, 0x000000070e800000|  0%| F|  |TAMS 0x000000070e600000, 0x000000070e600000| Untracked 
|  91|0x000000070e800000, 0x000000070e800000, 0x000000070ea00000|  0%| F|  |TAMS 0x000000070e800000, 0x000000070e800000| Untracked 
|  92|0x000000070ea00000, 0x000000070ea00000, 0x000000070ec00000|  0%| F|  |TAMS 0x000000070ea00000, 0x000000070ea00000| Untracked 
|  93|0x000000070ec00000, 0x000000070ec00000, 0x000000070ee00000|  0%| F|  |TAMS 0x000000070ec00000, 0x000000070ec00000| Untracked 
|  94|0x000000070ee00000, 0x000000070ee00000, 0x000000070f000000|  0%| F|  |TAMS 0x000000070ee00000, 0x000000070ee00000| Untracked 
|  95|0x000000070f000000, 0x000000070f000000, 0x000000070f200000|  0%| F|  |TAMS 0x000000070f000000, 0x000000070f000000| Untracked 
|  96|0x000000070f200000, 0x000000070f200000, 0x000000070f400000|  0%| F|  |TAMS 0x000000070f200000, 0x000000070f200000| Untracked 
|  97|0x000000070f400000, 0x000000070f400000, 0x000000070f600000|  0%| F|  |TAMS 0x000000070f400000, 0x000000070f400000| Untracked 
|  98|0x000000070f600000, 0x000000070f600000, 0x000000070f800000|  0%| F|  |TAMS 0x000000070f600000, 0x000000070f600000| Untracked 
|  99|0x000000070f800000, 0x000000070f800000, 0x000000070fa00000|  0%| F|  |TAMS 0x000000070f800000, 0x000000070f800000| Untracked 
| 100|0x000000070fa00000, 0x000000070fa00000, 0x000000070fc00000|  0%| F|  |TAMS 0x000000070fa00000, 0x000000070fa00000| Untracked 
| 101|0x000000070fc00000, 0x000000070fc00000, 0x000000070fe00000|  0%| F|  |TAMS 0x000000070fc00000, 0x000000070fc00000| Untracked 
| 102|0x000000070fe00000, 0x000000070fe00000, 0x0000000710000000|  0%| F|  |TAMS 0x000000070fe00000, 0x000000070fe00000| Untracked 
| 103|0x0000000710000000, 0x0000000710000000, 0x0000000710200000|  0%| F|  |TAMS 0x0000000710000000, 0x0000000710000000| Untracked 
| 104|0x0000000710200000, 0x0000000710200000, 0x0000000710400000|  0%| F|  |TAMS 0x0000000710200000, 0x0000000710200000| Untracked 
| 105|0x0000000710400000, 0x0000000710400000, 0x0000000710600000|  0%| F|  |TAMS 0x0000000710400000, 0x0000000710400000| Untracked 
| 106|0x0000000710600000, 0x0000000710600000, 0x0000000710800000|  0%| F|  |TAMS 0x0000000710600000, 0x0000000710600000| Untracked 
| 107|0x0000000710800000, 0x0000000710800000, 0x0000000710a00000|  0%| F|  |TAMS 0x0000000710800000, 0x0000000710800000| Untracked 
| 108|0x0000000710a00000, 0x0000000710a00000, 0x0000000710c00000|  0%| F|  |TAMS 0x0000000710a00000, 0x0000000710a00000| Untracked 
| 109|0x0000000710c00000, 0x0000000710c00000, 0x0000000710e00000|  0%| F|  |TAMS 0x0000000710c00000, 0x0000000710c00000| Untracked 
| 110|0x0000000710e00000, 0x0000000710e00000, 0x0000000711000000|  0%| F|  |TAMS 0x0000000710e00000, 0x0000000710e00000| Untracked 
| 111|0x0000000711000000, 0x0000000711000000, 0x0000000711200000|  0%| F|  |TAMS 0x0000000711000000, 0x0000000711000000| Untracked 
| 112|0x0000000711200000, 0x0000000711200000, 0x0000000711400000|  0%| F|  |TAMS 0x0000000711200000, 0x0000000711200000| Untracked 
| 113|0x0000000711400000, 0x0000000711400000, 0x0000000711600000|  0%| F|  |TAMS 0x0000000711400000, 0x0000000711400000| Untracked 
| 114|0x0000000711600000, 0x0000000711600000, 0x0000000711800000|  0%| F|  |TAMS 0x0000000711600000, 0x0000000711600000| Untracked 
| 115|0x0000000711800000, 0x0000000711800000, 0x0000000711a00000|  0%| F|  |TAMS 0x0000000711800000, 0x0000000711800000| Untracked 
| 116|0x0000000711a00000, 0x0000000711a00000, 0x0000000711c00000|  0%| F|  |TAMS 0x0000000711a00000, 0x0000000711a00000| Untracked 
| 117|0x0000000711c00000, 0x0000000711c1fba0, 0x0000000711e00000|  6%| E|  |TAMS 0x0000000711c00000, 0x0000000711c00000| Complete 
| 118|0x0000000711e00000, 0x0000000711f864e0, 0x0000000712000000| 76%| S|CS|TAMS 0x0000000711e00000, 0x0000000711e00000| Complete 
| 119|0x0000000712000000, 0x0000000712200000, 0x0000000712200000|100%| E|CS|TAMS 0x0000000712000000, 0x0000000712000000| Complete 
| 120|0x0000000712200000, 0x0000000712400000, 0x0000000712400000|100%| E|CS|TAMS 0x0000000712200000, 0x0000000712200000| Complete 
| 121|0x0000000712400000, 0x0000000712600000, 0x0000000712600000|100%| E|CS|TAMS 0x0000000712400000, 0x0000000712400000| Complete 
| 122|0x0000000712600000, 0x0000000712800000, 0x0000000712800000|100%| E|CS|TAMS 0x0000000712600000, 0x0000000712600000| Complete 
| 123|0x0000000712800000, 0x0000000712a00000, 0x0000000712a00000|100%| E|CS|TAMS 0x0000000712800000, 0x0000000712800000| Complete 
| 124|0x0000000712a00000, 0x0000000712c00000, 0x0000000712c00000|100%| E|CS|TAMS 0x0000000712a00000, 0x0000000712a00000| Complete 
| 125|0x0000000712c00000, 0x0000000712e00000, 0x0000000712e00000|100%| E|CS|TAMS 0x0000000712c00000, 0x0000000712c00000| Complete 
| 126|0x0000000712e00000, 0x0000000713000000, 0x0000000713000000|100%| E|CS|TAMS 0x0000000712e00000, 0x0000000712e00000| Complete 

Card table byte_map: [0x000002b7e83b0000,0x000002b7e8ba0000] _byte_map_base: 0x000002b7e4b97000

Marking Bits (Prev, Next): (CMBitMap*) 0x000002b7db075cd0, (CMBitMap*) 0x000002b7db075d10
 Prev Bits: [0x000002b7e9390000, 0x000002b7ed2c8000)
 Next Bits: [0x000002b7ed2d0000, 0x000002b7f1208000)

Polling page: 0x000002b7db0b0000

Metaspace:

Usage:
  Non-class:     11.54 MB used.
      Class:      1.78 MB used.
       Both:     13.32 MB used.

Virtual space:
  Non-class space:       64.00 MB reserved,      11.62 MB ( 18%) committed,  1 nodes.
      Class space:        1.00 GB reserved,       1.88 MB ( <1%) committed,  1 nodes.
             Both:        1.06 GB reserved,      13.50 MB (  1%) committed. 

Chunk freelists:
   Non-Class:  3.86 MB
       Class:  14.14 MB
        Both:  18.00 MB

MaxMetaspaceSize: unlimited
CompressedClassSpaceSize: 1.00 GB
Initial GC threshold: 21.00 MB
Current GC threshold: 21.00 MB
CDS: on
MetaspaceReclaimPolicy: balanced
 - commit_granule_bytes: 65536.
 - commit_granule_words: 8192.
 - virtual_space_node_default_size: 8388608.
 - enlarge_chunks_in_place: 1.
 - new_chunks_are_fully_committed: 0.
 - uncommit_free_chunks: 1.
 - use_allocation_guard: 0.
 - handle_deallocations: 1.


Internal statistics:

num_allocs_failed_limit: 0.
num_arena_births: 284.
num_arena_deaths: 0.
num_vsnodes_births: 2.
num_vsnodes_deaths: 0.
num_space_committed: 216.
num_space_uncommitted: 0.
num_chunks_returned_to_freelist: 0.
num_chunks_taken_from_freelist: 654.
num_chunk_merges: 0.
num_chunk_splits: 423.
num_chunks_enlarged: 299.
num_inconsistent_stats: 0.

CodeCache: size=49152Kb used=5144Kb max_used=5144Kb free=44007Kb
 bounds [0x000002b7e42e0000, 0x000002b7e47f0000, 0x000002b7e72e0000]
 total_blobs=2406 nmethods=1937 adapters=394
 compilation: enabled
              stopped_count=0, restarted_count=0
 full_count=0

Compilation events (20 events):
Event: 2.541 Thread 0x000002b7f810be20 nmethod 1907 0x000002b7e47d9490 code [0x000002b7e47d9620, 0x000002b7e47d96d8]
Event: 2.541 Thread 0x000002b7f810b8d0 nmethod 1906 0x000002b7e47d9790 code [0x000002b7e47d9980, 0x000002b7e47d9e08]
Event: 2.545 Thread 0x000002b7f810b8d0 1908       1       java.security.PermissionCollection::isReadOnly (5 bytes)
Event: 2.546 Thread 0x000002b7f810b8d0 nmethod 1908 0x000002b7e47da090 code [0x000002b7e47da220, 0x000002b7e47da2f8]
Event: 2.554 Thread 0x000002b7f810b8d0 1909  s    1       java.lang.Throwable::fillInStackTrace (29 bytes)
Event: 2.554 Thread 0x000002b7f810b8d0 nmethod 1909 0x000002b7e47da810 code [0x000002b7e47da9c0, 0x000002b7e47dabe8]
Event: 2.575 Thread 0x000002b7f810b8d0 1911       1       sun.invoke.util.VerifyAccess::isModuleAccessible (97 bytes)
Event: 2.575 Thread 0x000002b7f801dbf0 1912       1       java.lang.invoke.MethodType::erase (8 bytes)
Event: 2.575 Thread 0x000002b7f801dbf0 nmethod 1912 0x000002b7e47dac90 code [0x000002b7e47dae20, 0x000002b7e47daef8]
Event: 2.576 Thread 0x000002b7f810b8d0 nmethod 1911 0x000002b7e47daf90 code [0x000002b7e47db1c0, 0x000002b7e47db748]
Event: 2.581 Thread 0x000002b7f801dbf0 1913       1       java.lang.invoke.BoundMethodHandle::bindArgumentL (11 bytes)
Event: 2.581 Thread 0x000002b7f810b8d0 1914       1       java.lang.invoke.LambdaFormEditor::bindArgumentL (59 bytes)
Event: 2.582 Thread 0x000002b7f801dbf0 nmethod 1913 0x000002b7e47dba10 code [0x000002b7e47dbbc0, 0x000002b7e47dbdd8]
Event: 2.582 Thread 0x000002b7f810b8d0 nmethod 1914 0x000002b7e47dbf10 code [0x000002b7e47dc0c0, 0x000002b7e47dc228]
Event: 2.606 Thread 0x000002b7f810b8d0 1915       1       java.util.concurrent.ConcurrentHashMap::isEmpty (15 bytes)
Event: 2.607 Thread 0x000002b7f810b8d0 nmethod 1915 0x000002b7e47dcc10 code [0x000002b7e47dcda0, 0x000002b7e47dcea8]
Event: 2.629 Thread 0x000002b7f810b8d0 1916       1       java.util.LinkedHashMap::newNode (23 bytes)
Event: 2.629 Thread 0x000002b7f810be20 1917       1       java.util.LinkedHashMap::afterNodeInsertion (40 bytes)
Event: 2.629 Thread 0x000002b7f810b8d0 nmethod 1916 0x000002b7e47dcf10 code [0x000002b7e47dd0c0, 0x000002b7e47dd4f8]
Event: 2.629 Thread 0x000002b7f810be20 nmethod 1917 0x000002b7e47dd610 code [0x000002b7e47dd7c0, 0x000002b7e47dd988]

GC Heap History (4 events):
Event: 1.502 GC heap before
{Heap before GC invocations=0 (full 0):
 garbage-first heap   total 260096K, used 20480K [0x0000000703200000, 0x0000000800000000)
  region size 2048K, 11 young (22528K), 0 survivors (0K)
 Metaspace       used 6677K, committed 6848K, reserved 1114112K
  class space    used 847K, committed 896K, reserved 1048576K
}
Event: 1.535 GC heap after
{Heap after GC invocations=1 (full 0):
 garbage-first heap   total 260096K, used 8224K [0x0000000703200000, 0x0000000800000000)
  region size 2048K, 2 young (4096K), 2 survivors (4096K)
 Metaspace       used 6677K, committed 6848K, reserved 1114112K
  class space    used 847K, committed 896K, reserved 1048576K
}
Event: 2.266 GC heap before
{Heap before GC invocations=1 (full 0):
 garbage-first heap   total 260096K, used 24608K [0x0000000703200000, 0x0000000800000000)
  region size 2048K, 10 young (20480K), 2 survivors (4096K)
 Metaspace       used 10214K, committed 10432K, reserved 1114112K
  class space    used 1367K, committed 1472K, reserved 1048576K
}
Event: 2.274 GC heap after
{Heap after GC invocations=2 (full 0):
 garbage-first heap   total 260096K, used 9397K [0x0000000703200000, 0x0000000800000000)
  region size 2048K, 1 young (2048K), 1 survivors (2048K)
 Metaspace       used 10214K, committed 10432K, reserved 1114112K
  class space    used 1367K, committed 1472K, reserved 1048576K
}

Dll operation events (11 events):
Event: 0.022 Loaded shared library C:\Program Files\Eclipse Adoptium\jdk-17.0.9.9-hotspot\bin\java.dll
Event: 0.054 Loaded shared library C:\Program Files\Eclipse Adoptium\jdk-17.0.9.9-hotspot\bin\jsvml.dll
Event: 0.248 Loaded shared library C:\Program Files\Eclipse Adoptium\jdk-17.0.9.9-hotspot\bin\zip.dll
Event: 0.257 Loaded shared library C:\Program Files\Eclipse Adoptium\jdk-17.0.9.9-hotspot\bin\instrument.dll
Event: 0.266 Loaded shared library C:\Program Files\Eclipse Adoptium\jdk-17.0.9.9-hotspot\bin\net.dll
Event: 0.269 Loaded shared library C:\Program Files\Eclipse Adoptium\jdk-17.0.9.9-hotspot\bin\nio.dll
Event: 0.275 Loaded shared library C:\Program Files\Eclipse Adoptium\jdk-17.0.9.9-hotspot\bin\zip.dll
Event: 0.436 Loaded shared library C:\Program Files\JetBrains\IntelliJ IDEA 2023.3.3\bin\breakgen64.dll
Event: 0.444 Loaded shared library C:\Program Files\Eclipse Adoptium\jdk-17.0.9.9-hotspot\bin\jimage.dll
Event: 0.478 Loaded shared library C:\Program Files\Eclipse Adoptium\jdk-17.0.9.9-hotspot\bin\management.dll
Event: 0.501 Loaded shared library C:\Program Files\Eclipse Adoptium\jdk-17.0.9.9-hotspot\bin\management_ext.dll

Deoptimization events (0 events):
No events

Classes unloaded (0 events):
No events

Classes redefined (0 events):
No events

Internal exceptions (20 events):
Event: 2.291 Thread 0x000002b7f903f010 Exception <a 'java/lang/NoSuchMethodError'{0x0000000712f53590}: 'java.lang.Object java.lang.invoke.Invokers$Holder.linkToTargetMethod(java.lang.Object, long, java.lang.Object)'> (0x0000000712f53590) 
thrown [s\src\hotspot\share\interpreter\linkResolver.cpp, line 759]
Event: 2.292 Thread 0x000002b7f8fe2760 Exception <a 'java/lang/ClassNotFoundException'{0x0000000712ee8bd0}: javax/management/remote/rmi/RMIConnectionImpl_Skel> (0x0000000712ee8bd0) 
thrown [s\src\hotspot\share\classfile\systemDictionary.cpp, line 256]
Event: 2.319 Thread 0x000002b7f8fe2760 Exception <a 'java/lang/reflect/InvocationTargetException'{0x0000000712fe0eb0}> (0x0000000712fe0eb0) 
thrown [s\src\hotspot\share\runtime\reflection.cpp, line 1121]
Event: 2.323 Thread 0x000002b7db00b410 Exception <a 'java/lang/NoSuchMethodError'{0x0000000712c1b0f8}: 'java.lang.Object java.lang.invoke.DirectMethodHandle$Holder.invokeSpecial(java.lang.Object, java.lang.Object, java.lang.Object, int, java.lang.Object)'> (0x0000000712c1b0f8) 
thrown [s\src\hotspot\share\interpreter\linkResolver.cpp, line 759]
Event: 2.324 Thread 0x000002b7db00b410 Exception <a 'java/lang/NoSuchMethodError'{0x0000000712c23660}: 'java.lang.Object java.lang.invoke.DirectMethodHandle$Holder.newInvokeSpecial(java.lang.Object, java.lang.Object, java.lang.Object, int, java.lang.Object)'> (0x0000000712c23660) 
thrown [s\src\hotspot\share\interpreter\linkResolver.cpp, line 759]
Event: 2.324 Thread 0x000002b7f8fe2760 Exception <a 'java/lang/NoSuchMethodError'{0x0000000712ceff58}: static [Ljava/lang/StackTraceElement;.<clinit>()V> (0x0000000712ceff58) 
thrown [s\src\hotspot\share\prims\jni.cpp, line 1107]
Event: 2.325 Thread 0x000002b7db00b410 Exception <a 'java/lang/NoSuchMethodError'{0x0000000712c2b030}: 'java.lang.Object java.lang.invoke.Invokers$Holder.linkToTargetMethod(java.lang.Object, java.lang.Object, int, java.lang.Object, java.lang.Object)'> (0x0000000712c2b030) 
thrown [s\src\hotspot\share\interpreter\linkResolver.cpp, line 759]
Event: 2.327 Thread 0x000002b7db00b410 Exception <a 'java/lang/NoSuchMethodError'{0x0000000712c3af50}: 'java.lang.Object java.lang.invoke.DirectMethodHandle$Holder.newInvokeSpecial(java.lang.Object, int, java.lang.Object)'> (0x0000000712c3af50) 
thrown [s\src\hotspot\share\interpreter\linkResolver.cpp, line 759]
Event: 2.327 Thread 0x000002b7db00b410 Exception <a 'java/lang/NoSuchMethodError'{0x0000000712c3f028}: 'int java.lang.invoke.DirectMethodHandle$Holder.invokeSpecialIFC(java.lang.Object, java.lang.Object, java.lang.Object, java.lang.Object)'> (0x0000000712c3f028) 
thrown [s\src\hotspot\share\interpreter\linkResolver.cpp, line 759]
Event: 2.354 Thread 0x000002b7db00b410 Exception <a 'java/lang/NoSuchMethodError'{0x0000000712d44f80}: 'void java.lang.invoke.DirectMethodHandle$Holder.invokeInterface(java.lang.Object, java.lang.Object, java.lang.Object)'> (0x0000000712d44f80) 
thrown [s\src\hotspot\share\interpreter\linkResolver.cpp, line 759]
Event: 2.381 Thread 0x000002b7db00b410 Exception <a 'java/lang/NoSuchMethodError'{0x0000000712ddf9e0}: 'java.lang.Object java.lang.invoke.DirectMethodHandle$Holder.invokeVirtual(java.lang.Object, java.lang.Object, java.lang.Object)'> (0x0000000712ddf9e0) 
thrown [s\src\hotspot\share\interpreter\linkResolver.cpp, line 759]
Event: 2.413 Thread 0x000002b7db00b410 Exception <a 'java/lang/NoSuchMethodError'{0x0000000712ac1ad0}: 'void java.lang.invoke.DirectMethodHandle$Holder.invokeStatic(java.lang.Object, java.lang.Object, int)'> (0x0000000712ac1ad0) 
thrown [s\src\hotspot\share\interpreter\linkResolver.cpp, line 759]
Event: 2.419 Thread 0x000002b7db00b410 Exception <a 'java/lang/NoSuchMethodError'{0x0000000712adab98}: 'void java.lang.invoke.DirectMethodHandle$Holder.invokeStaticInit(java.lang.Object, java.lang.Object, java.lang.Object)'> (0x0000000712adab98) 
thrown [s\src\hotspot\share\interpreter\linkResolver.cpp, line 759]
Event: 2.429 Thread 0x000002b7db00b410 Exception <a 'java/lang/NoSuchMethodError'{0x0000000712b2c320}: 'java.lang.Object java.lang.invoke.DirectMethodHandle$Holder.invokeStatic(java.lang.Object, java.lang.Object, long, java.lang.Object)'> (0x0000000712b2c320) 
thrown [s\src\hotspot\share\interpreter\linkResolver.cpp, line 759]
Event: 2.429 Thread 0x000002b7db00b410 Exception <a 'java/lang/NoSuchMethodError'{0x0000000712b2fdb8}: 'java.lang.Object java.lang.invoke.DirectMethodHandle$Holder.invokeStaticInit(java.lang.Object, java.lang.Object, long, java.lang.Object)'> (0x0000000712b2fdb8) 
thrown [s\src\hotspot\share\interpreter\linkResolver.cpp, line 759]
Event: 2.430 Thread 0x000002b7db00b410 Exception <a 'java/lang/NoSuchMethodError'{0x0000000712b363c8}: 'java.lang.Object java.lang.invoke.DirectMethodHandle$Holder.newInvokeSpecial(java.lang.Object, java.lang.Object, long)'> (0x0000000712b363c8) 
thrown [s\src\hotspot\share\interpreter\linkResolver.cpp, line 759]
Event: 2.446 Thread 0x000002b7db00b410 Exception <a 'java/lang/NoSuchMethodError'{0x0000000712b9b228}: 'void java.lang.invoke.DirectMethodHandle$Holder.invokeVirtual(java.lang.Object, java.lang.Object, java.lang.Object, java.lang.Object)'> (0x0000000712b9b228) 
thrown [s\src\hotspot\share\interpreter\linkResolver.cpp, line 759]
Event: 2.509 Thread 0x000002b7db00b410 Exception <a 'java/lang/NoSuchMethodError'{0x00000007129769e0}: 'void java.lang.invoke.DirectMethodHandle$Holder.invokeSpecial(java.lang.Object, java.lang.Object, java.lang.Object)'> (0x00000007129769e0) 
thrown [s\src\hotspot\share\interpreter\linkResolver.cpp, line 759]
Event: 2.520 Thread 0x000002b7db00b410 Exception <a 'java/lang/IncompatibleClassChangeError'{0x00000007129d4ff8}: Found class java.lang.Object, but interface was expected> (0x00000007129d4ff8) 
thrown [s\src\hotspot\share\interpreter\linkResolver.cpp, line 826]
Event: 2.522 Thread 0x000002b7f90d2fc0 Exception <a 'java/lang/NoClassDefFoundError'{0x00000007129b57a8}: jakarta/validation/Validation> (0x00000007129b57a8) 
thrown [s\src\hotspot\share\classfile\systemDictionary.cpp, line 245]

VM Operations (20 events):
Event: 0.857 Executing VM operation: HandshakeAllThreads
Event: 0.857 Executing VM operation: HandshakeAllThreads done
Event: 0.922 Executing VM operation: HandshakeAllThreads
Event: 0.922 Executing VM operation: HandshakeAllThreads done
Event: 0.929 Executing VM operation: HandshakeAllThreads
Event: 0.929 Executing VM operation: HandshakeAllThreads done
Event: 1.501 Executing VM operation: G1CollectForAllocation
Event: 1.536 Executing VM operation: G1CollectForAllocation done
Event: 1.765 Executing VM operation: HandshakeAllThreads
Event: 1.765 Executing VM operation: HandshakeAllThreads done
Event: 2.113 Executing VM operation: HandshakeAllThreads
Event: 2.113 Executing VM operation: HandshakeAllThreads done
Event: 2.266 Executing VM operation: G1CollectForAllocation
Event: 2.274 Executing VM operation: G1CollectForAllocation done
Event: 2.290 Executing VM operation: HandshakeAllThreads
Event: 2.290 Executing VM operation: HandshakeAllThreads done
Event: 2.497 Executing VM operation: HandshakeAllThreads
Event: 2.497 Executing VM operation: HandshakeAllThreads done
Event: 2.505 Executing VM operation: HandshakeAllThreads
Event: 2.505 Executing VM operation: HandshakeAllThreads done

Events (20 events):
Event: 2.585 loading class com/sun/org/apache/xalan/internal/utils/FeaturePropertyBase done
Event: 2.585 loading class com/sun/org/apache/xalan/internal/utils/XMLSecurityPropertyManager done
Event: 2.585 loading class com/sun/org/apache/xalan/internal/utils/FeaturePropertyBase$State
Event: 2.585 loading class com/sun/org/apache/xalan/internal/utils/FeaturePropertyBase$State done
Event: 2.585 loading class com/sun/org/apache/xalan/internal/utils/XMLSecurityPropertyManager$Property
Event: 2.585 loading class com/sun/org/apache/xalan/internal/utils/XMLSecurityPropertyManager$Property done
Event: 2.585 loading class jdk/xml/internal/XMLSecurityManager
Event: 2.586 loading class jdk/xml/internal/XMLSecurityManager done
Event: 2.586 loading class jdk/xml/internal/XMLSecurityManager$Limit
Event: 2.586 loading class jdk/xml/internal/XMLSecurityManager$Limit done
Event: 2.586 loading class jdk/xml/internal/XMLSecurityManager$Processor
Event: 2.586 loading class jdk/xml/internal/XMLSecurityManager$Processor done
Event: 2.587 loading class jdk/xml/internal/XMLSecurityManager$NameMap
Event: 2.587 loading class jdk/xml/internal/XMLSecurityManager$NameMap done
Event: 2.587 loading class jdk/xml/internal/JdkProperty
Event: 2.587 loading class jdk/xml/internal/JdkProperty done
Event: 2.597 loading class java/io/NotSerializableException
Event: 2.597 loading class java/io/ObjectStreamException
Event: 2.597 loading class java/io/ObjectStreamException done
Event: 2.597 loading class java/io/NotSerializableException done


Dynamic libraries:
0x00007ff71b100000 - 0x00007ff71b10e000 	C:\Program Files\Eclipse Adoptium\jdk-17.0.9.9-hotspot\bin\java.exe
0x00007fff79850000 - 0x00007fff79a48000 	C:\WINDOWS\SYSTEM32\ntdll.dll
0x00007fff79750000 - 0x00007fff7980d000 	C:\WINDOWS\System32\KERNEL32.DLL
0x00007fff77180000 - 0x00007fff77476000 	C:\WINDOWS\System32\KERNELBASE.dll
0x00007fff76f00000 - 0x00007fff77000000 	C:\WINDOWS\System32\ucrtbase.dll
0x00007fff65490000 - 0x00007fff654ab000 	C:\Program Files\Eclipse Adoptium\jdk-17.0.9.9-hotspot\bin\VCRUNTIME140.dll
0x00007fff65050000 - 0x00007fff65067000 	C:\Program Files\Eclipse Adoptium\jdk-17.0.9.9-hotspot\bin\jli.dll
0x00007fff78860000 - 0x00007fff789ff000 	C:\WINDOWS\System32\USER32.dll
0x00007fff77680000 - 0x00007fff776a2000 	C:\WINDOWS\System32\win32u.dll
0x00007fff79570000 - 0x00007fff7959b000 	C:\WINDOWS\System32\GDI32.dll
0x00007fff648d0000 - 0x00007fff64b6a000 	C:\WINDOWS\WinSxS\amd64_microsoft.windows.common-controls_6595b64144ccf1df_6.0.19041.4355_none_60b8b9eb71f62e16\COMCTL32.dll
0x00007fff78d60000 - 0x00007fff78dfe000 	C:\WINDOWS\System32\msvcrt.dll
0x00007fff77560000 - 0x00007fff77677000 	C:\WINDOWS\System32\gdi32full.dll
0x00007fff770b0000 - 0x00007fff7714d000 	C:\WINDOWS\System32\msvcp_win.dll
0x00007fff77dc0000 - 0x00007fff77df2000 	C:\WINDOWS\System32\IMM32.DLL
0x00007fff68750000 - 0x00007fff6875c000 	C:\Program Files\Eclipse Adoptium\jdk-17.0.9.9-hotspot\bin\vcruntime140_1.dll
0x00007fff48be0000 - 0x00007fff48c6d000 	C:\Program Files\Eclipse Adoptium\jdk-17.0.9.9-hotspot\bin\msvcp140.dll
0x00007fff38b80000 - 0x00007fff397e1000 	C:\Program Files\Eclipse Adoptium\jdk-17.0.9.9-hotspot\bin\server\jvm.dll
0x00007fff77b80000 - 0x00007fff77c30000 	C:\WINDOWS\System32\ADVAPI32.dll
0x00007fff77880000 - 0x00007fff77920000 	C:\WINDOWS\System32\sechost.dll
0x00007fff77c30000 - 0x00007fff77d53000 	C:\WINDOWS\System32\RPCRT4.dll
0x00007fff77150000 - 0x00007fff77177000 	C:\WINDOWS\System32\bcrypt.dll
0x00007fff76d50000 - 0x00007fff76d9b000 	C:\WINDOWS\SYSTEM32\POWRPROF.dll
0x00007fff70220000 - 0x00007fff7022a000 	C:\WINDOWS\SYSTEM32\VERSION.dll
0x00007fff70790000 - 0x00007fff70799000 	C:\WINDOWS\SYSTEM32\WSOCK32.dll
0x00007fff6fc10000 - 0x00007fff6fc37000 	C:\WINDOWS\SYSTEM32\WINMM.dll
0x00007fff77e90000 - 0x00007fff77efb000 	C:\WINDOWS\System32\WS2_32.dll
0x00007fff76d30000 - 0x00007fff76d42000 	C:\WINDOWS\SYSTEM32\UMPDC.dll
0x00007fff756d0000 - 0x00007fff756e2000 	C:\WINDOWS\SYSTEM32\kernel.appcore.dll
0x00007fff67e90000 - 0x00007fff67e9a000 	C:\Program Files\Eclipse Adoptium\jdk-17.0.9.9-hotspot\bin\jimage.dll
0x00007fff74ce0000 - 0x00007fff74ec4000 	C:\WINDOWS\SYSTEM32\DBGHELP.DLL
0x00007fff74230000 - 0x00007fff74264000 	C:\WINDOWS\SYSTEM32\dbgcore.DLL
0x00007fff774d0000 - 0x00007fff77552000 	C:\WINDOWS\System32\bcryptPrimitives.dll
0x00007fff66300000 - 0x00007fff6630e000 	C:\Program Files\Eclipse Adoptium\jdk-17.0.9.9-hotspot\bin\instrument.dll
0x00007fff644e0000 - 0x00007fff64505000 	C:\Program Files\Eclipse Adoptium\jdk-17.0.9.9-hotspot\bin\java.dll
0x00007fff43f40000 - 0x00007fff44017000 	C:\Program Files\Eclipse Adoptium\jdk-17.0.9.9-hotspot\bin\jsvml.dll
0x00007fff78e00000 - 0x00007fff7956b000 	C:\WINDOWS\System32\SHELL32.dll
0x00007fff74ed0000 - 0x00007fff7566d000 	C:\WINDOWS\SYSTEM32\windows.storage.dll
0x00007fff78a00000 - 0x00007fff78d53000 	C:\WINDOWS\System32\combase.dll
0x00007fff768b0000 - 0x00007fff768de000 	C:\WINDOWS\SYSTEM32\Wldp.dll
0x00007fff77980000 - 0x00007fff77a4d000 	C:\WINDOWS\System32\OLEAUT32.dll
0x00007fff77a50000 - 0x00007fff77afd000 	C:\WINDOWS\System32\SHCORE.dll
0x00007fff78320000 - 0x00007fff78375000 	C:\WINDOWS\System32\shlwapi.dll
0x00007fff76e30000 - 0x00007fff76e54000 	C:\WINDOWS\SYSTEM32\profapi.dll
0x00007fff58080000 - 0x00007fff58098000 	C:\Program Files\Eclipse Adoptium\jdk-17.0.9.9-hotspot\bin\zip.dll
0x00007fff63ba0000 - 0x00007fff63bb9000 	C:\Program Files\Eclipse Adoptium\jdk-17.0.9.9-hotspot\bin\net.dll
0x00007fff74080000 - 0x00007fff7418a000 	C:\WINDOWS\SYSTEM32\WINHTTP.dll
0x00007fff765b0000 - 0x00007fff7661a000 	C:\WINDOWS\system32\mswsock.dll
0x00007fff583f0000 - 0x00007fff58406000 	C:\Program Files\Eclipse Adoptium\jdk-17.0.9.9-hotspot\bin\nio.dll
0x00007fff654b0000 - 0x00007fff654ca000 	C:\Program Files\JetBrains\IntelliJ IDEA 2023.3.3\bin\breakgen64.dll
0x00007fff762b0000 - 0x00007fff7637b000 	C:\WINDOWS\SYSTEM32\DNSAPI.dll
0x00007fff76270000 - 0x00007fff762ab000 	C:\WINDOWS\SYSTEM32\IPHLPAPI.DLL
0x00007fff780a0000 - 0x00007fff780a8000 	C:\WINDOWS\System32\NSI.dll
0x00007fff660e0000 - 0x00007fff660ea000 	C:\Windows\System32\rasadhlp.dll
0x00007fff67020000 - 0x00007fff670a0000 	C:\WINDOWS\System32\fwpuclnt.dll
0x00007fff65910000 - 0x00007fff65919000 	C:\Program Files\Eclipse Adoptium\jdk-17.0.9.9-hotspot\bin\management.dll
0x00007fff65820000 - 0x00007fff6582b000 	C:\Program Files\Eclipse Adoptium\jdk-17.0.9.9-hotspot\bin\management_ext.dll
0x00007fff77fb0000 - 0x00007fff77fb8000 	C:\WINDOWS\System32\PSAPI.DLL
0x00007fff767a0000 - 0x00007fff767b8000 	C:\WINDOWS\SYSTEM32\CRYPTSP.dll
0x00007fff75e90000 - 0x00007fff75ec4000 	C:\WINDOWS\system32\rsaenh.dll
0x00007fff76da0000 - 0x00007fff76dce000 	C:\WINDOWS\SYSTEM32\USERENV.dll
0x00007fff767c0000 - 0x00007fff767cc000 	C:\WINDOWS\SYSTEM32\CRYPTBASE.dll
0x00007fff6ef70000 - 0x00007fff6ef87000 	C:\WINDOWS\SYSTEM32\dhcpcsvc6.DLL
0x00007fff6fcf0000 - 0x00007fff6fd0d000 	C:\WINDOWS\SYSTEM32\dhcpcsvc.DLL
0x00007fff5a9c0000 - 0x00007fff5a9d7000 	C:\WINDOWS\system32\napinsp.dll
0x00007fff5a400000 - 0x00007fff5a41b000 	C:\WINDOWS\system32\pnrpnsp.dll
0x00007fff5a3e0000 - 0x00007fff5a3f5000 	C:\WINDOWS\system32\wshbth.dll
0x00007fff720b0000 - 0x00007fff720cd000 	C:\WINDOWS\system32\NLAapi.dll
0x00007fff5a370000 - 0x00007fff5a382000 	C:\WINDOWS\System32\winrnr.dll

dbghelp: loaded successfully - version: 4.0.5 - missing functions: none
symbol engine: initialized successfully - sym options: 0x614 - pdb path: .;C:\Program Files\Eclipse Adoptium\jdk-17.0.9.9-hotspot\bin;C:\WINDOWS\SYSTEM32;C:\WINDOWS\WinSxS\amd64_microsoft.windows.common-controls_6595b64144ccf1df_6.0.19041.4355_none_60b8b9eb71f62e16;C:\Program Files\Eclipse Adoptium\jdk-17.0.9.9-hotspot\bin\server;C:\Program Files\JetBrains\IntelliJ IDEA 2023.3.3\bin

VM Arguments:
jvm_args: -XX:TieredStopAtLevel=1 -Dspring.output.ansi.enabled=always -Dcom.sun.management.jmxremote -Dspring.jmx.enabled=true -Dspring.liveBeansView.mbeanDomain -Dspring.application.admin.enabled=true -Dmanagement.endpoints.jmx.exposure.include=* -javaagent:C:\Program Files\JetBrains\IntelliJ IDEA 2023.3.3\lib\idea_rt.jar=54711:C:\Program Files\JetBrains\IntelliJ IDEA 2023.3.3\bin -Dfile.encoding=UTF-8 
java_command: com.example.backend.BackendApplication
java_class_path (initial): C:\I-CARE-BE\I-CARE-BE\backend\build\classes\java\main;C:\I-CARE-BE\I-CARE-BE\backend\build\resources\main;C:\Users\user\.gradle\caches\modules-2\files-2.1\org.projectlombok\lombok\1.18.30\f195ee86e6c896ea47a1d39defbe20eb59cd149d\lombok-1.18.30.jar;C:\Users\user\.gradle\caches\modules-2\files-2.1\org.springframework.boot\spring-boot-starter-data-jpa\3.2.3\1fd0770b23c57627e5a37726fb4060f5bfa4da6f\spring-boot-starter-data-jpa-3.2.3.jar;C:\Users\user\.gradle\caches\modules-2\files-2.1\org.springframework.boot\spring-boot-starter-web\3.2.3\bf2b775d4f4e6349129c64de30939a5493779706\spring-boot-starter-web-3.2.3.jar;C:\Users\user\.gradle\caches\modules-2\files-2.1\com.google.guava\guava\31.1-jre\60458f877d055d0c9114d9e1a2efb737b4bc282c\guava-31.1-jre.jar;C:\Users\user\.gradle\caches\modules-2\files-2.1\io.jsonwebtoken\jjwt\0.9.1\54d2abfc3e63a28824d35bf600d6a5d627da681a\jjwt-0.9.1.jar;C:\Users\user\.gradle\caches\modules-2\files-2.1\javax.xml.bind\jaxb-api\2.3.1\8531ad5ac454cc2deb9d4d32c40c4d7451939b5d\jaxb-api-2.3.1.jar;C:\Users\user\.gradle\caches\modules-2\files-2.1\org.springframework.boot\spring-boot-starter-security\3.2.3\f6353a8e62be7372b3968ab71e613b5188d55c3b\spring-boot-starter-security-3.2.3.jar;C:\Users\user\.gradle\caches\modules-2\files-2.1\org.springframework.boot\spring-boot-starter-oauth2-client\3.2.3\870f5a2f66abb297d1685c32c778cc2d61540964\spring-boot-starter-oauth2-client-3.2.3.jar;C:\Users\user\.gradle\caches\modules-2\files-2.1\org.springframework.security\spring-security-oauth2-core\6.2.2\98a6fcdc8afd7e7a890113e606d1efa62483c4ff\spring-security-oauth2-core-6.2.2.jar;C:\Users\user\.gradle\caches\modules-2\files-2.1\com.squareup.okhttp3\okhttp\4.9.2\5302714ee9320b64cf65ed865e5f65981ef9ba46\okhttp-4.9.2.jar;C:\Users\user\.gradle\caches\modules-2\files-2.1\org.springframework.boot\spring-boot-starter-aop\3.2.3\db8d799efd6cacd3bd134d471c3f983cbc1a137\spring-boot-starter-aop-3.2.3.jar;C:\Users\user\.gradle\caches\modules-2\files
Launcher Type: SUN_STANDARD

[Global flags]
     intx CICompilerCount                          = 4                                         {product} {ergonomic}
     uint ConcGCThreads                            = 2                                         {product} {ergonomic}
     uint G1ConcRefinementThreads                  = 8                                         {product} {ergonomic}
   size_t G1HeapRegionSize                         = 2097152                                   {product} {ergonomic}
    uintx GCDrainStackTargetSize                   = 64                                        {product} {ergonomic}
   size_t InitialHeapSize                          = 266338304                                 {product} {ergonomic}
     bool ManagementServer                         = true                                      {product} {command line}
   size_t MarkStackSize                            = 4194304                                   {product} {ergonomic}
   size_t MaxHeapSize                              = 4242538496                                {product} {ergonomic}
   size_t MaxNewSize                               = 2543845376                                {product} {ergonomic}
   size_t MinHeapDeltaBytes                        = 2097152                                   {product} {ergonomic}
   size_t MinHeapSize                              = 8388608                                   {product} {ergonomic}
    uintx NonProfiledCodeHeapSize                  = 0                                      {pd product} {ergonomic}
     bool ProfileInterpreter                       = false                                  {pd product} {command line}
    uintx ProfiledCodeHeapSize                     = 0                                      {pd product} {ergonomic}
   size_t SoftMaxHeapSize                          = 4242538496                             {manageable} {ergonomic}
     intx TieredStopAtLevel                        = 1                                         {product} {command line}
     bool UseCompressedClassPointers               = true                           {product lp64_product} {ergonomic}
     bool UseCompressedOops                        = true                           {product lp64_product} {ergonomic}
     bool UseG1GC                                  = true                                      {product} {ergonomic}
     bool UseLargePagesIndividualAllocation        = false                                  {pd product} {ergonomic}

Logging:
Log output configuration:
 #0: stdout all=warning uptime,level,tags
 #1: stderr all=off uptime,level,tags

Environment Variables:
JAVA_HOME=C:\jdk-17
PATH=C:\Program Files\Eclipse Adoptium\jdk-17.0.9.9-hotspot\bin;C:\jdk-17\bin;C:\oracleDB\WINDOWS.X64_193000_db_home\bin;C:\app\user\product\21c\dbhomeXE\bin;C:\Program Files\Common Files\Oracle\Java\javapath;C:\Program Files (x86)\Common Files\Oracle\Java\javapath;C:\Program Files\Eclipse Foundation\jdk-11.0.12.7-hotspot\bin;C:\Program Files (x86)\Intel\Intel(R) Management Engine Components\iCLS\;C:\Program Files\Intel\Intel(R) Management Engine Components\iCLS\;C:\WINDOWS\system32;C:\WINDOWS;C:\WINDOWS\System32\Wbem;C:\WINDOWS\System32\WindowsPowerShell\v1.0\;C:\WINDOWS\System32\OpenSSH\;C:\Program Files (x86)\Intel\Intel(R) Management Engine Components\DAL;C:\Program Files\Intel\Intel(R) Management Engine Components\DAL;C:\Program Files\Git\cmd;C:\Program Files\PuTTY\;C:\Program Files\nodejs\;C:\Program Files\Amazon\AWSCLIV2\;C:\Users\user\AppData\Local\Programs\Python\Python311\Scripts\;C:\Users\user\AppData\Local\Programs\Python\Python311\;C:\Program Files\MySQL\MySQL Shell 8.0\bin\;C:\Users\user\AppData\Local\Programs\Python\Python39\Scripts\;C:\Users\user\AppData\Local\Programs\Python\Python39\;C:\Users\user\AppData\Local\Programs\Python\Python38\Scripts\;C:\Users\user\AppData\Local\Programs\Python\Python38\;C:\Users\user\AppData\Local\Microsoft\WindowsApps;C:\PyCharm Community Edition 2021.2\bin;;C:\Users\user\AppData\Local\Programs\Microsoft VS Code\bin;C:\Users\user\AppData\Local\GitHubDesktop\bin;C:\Program Files\JetBrains\IntelliJ IDEA 2023.3.3\bin;;C:\Program Files\JetBrains\IntelliJ IDEA Community Edition 2023.1.5\bin;;C:\Users\user\AppData\Roaming\npm;C:\Users\user\AppData\Roaming\Python\Python311\Scripts;
USERNAME=user
OS=Windows_NT
PROCESSOR_IDENTIFIER=Intel64 Family 6 Model 142 Stepping 12, GenuineIntel
TMP=C:\Users\user\AppData\Local\Temp
TEMP=C:\Users\user\AppData\Local\Temp



Periodic native trim disabled


---------------  S Y S T E M  ---------------

OS:
 Windows 10 , 64 bit Build 19041 (10.0.19041.3636)
OS uptime: 16 days 10:08 hours
Hyper-V role detected

CPU: total 8 (initial active 8) (4 cores per cpu, 2 threads per core) family 6 model 142 stepping 12 microcode 0xb8, cx8, cmov, fxsr, ht, mmx, 3dnowpref, sse, sse2, sse3, ssse3, sse4.1, sse4.2, popcnt, lzcnt, tsc, tscinvbit, avx, avx2, aes, erms, clmul, bmi1, bmi2, adx, fma, vzeroupper, clflush, clflushopt, hv
Processor Information for processor 0
  Max Mhz: 1800, Current Mhz: 1600, Mhz Limit: 1584
Processor Information for processor 1
  Max Mhz: 1800, Current Mhz: 1400, Mhz Limit: 1584
Processor Information for processor 2
  Max Mhz: 1800, Current Mhz: 1600, Mhz Limit: 1584
Processor Information for processor 3
  Max Mhz: 1800, Current Mhz: 1600, Mhz Limit: 1584
Processor Information for processor 4
  Max Mhz: 1800, Current Mhz: 1600, Mhz Limit: 1584
Processor Information for processor 5
  Max Mhz: 1800, Current Mhz: 1600, Mhz Limit: 1584
Processor Information for processor 6
  Max Mhz: 1800, Current Mhz: 1400, Mhz Limit: 1584
Processor Information for processor 7
  Max Mhz: 1800, Current Mhz: 1600, Mhz Limit: 1584

Memory: 4k page, system-wide physical 16178M (3494M free)
TotalPageFile size 18072M (AvailPageFile size 0M)
current process WorkingSet (physical memory assigned to process): 97M, peak: 97M
current process commit charge ("private bytes"): 366M, peak: 366M

vm_info: OpenJDK 64-Bit Server VM (17.0.9+9) for windows-amd64 JRE (17.0.9+9), built on Oct 26 2023 14:01:42 by "admin" with MS VC++ 16.10 / 16.11 (VS2019)

END.
